{"C:\\Users\\marce\\OneDrive\\Escritorio\\ReactJS\\03-gifApp\\react-ts-gifs\\src\\GifsApp.tsx": {"path":"C:\\Users\\marce\\OneDrive\\Escritorio\\ReactJS\\03-gifApp\\react-ts-gifs\\src\\GifsApp.tsx","all":false,"statementMap":{"0":{"start":{"line":1,"column":0},"end":{"line":1,"column":52}},"1":{"start":{"line":2,"column":0},"end":{"line":2,"column":70}},"3":{"start":{"line":4,"column":0},"end":{"line":4,"column":64}},"4":{"start":{"line":5,"column":0},"end":{"line":5,"column":58}},"5":{"start":{"line":6,"column":0},"end":{"line":6,"column":47}},"7":{"start":{"line":8,"column":0},"end":{"line":8,"column":30}},"9":{"start":{"line":10,"column":0},"end":{"line":10,"column":16}},"11":{"start":{"line":12,"column":0},"end":{"line":12,"column":77}},"12":{"start":{"line":13,"column":0},"end":{"line":13,"column":10}},"13":{"start":{"line":14,"column":0},"end":{"line":14,"column":6}},"15":{"start":{"line":16,"column":0},"end":{"line":16,"column":19}},"16":{"start":{"line":17,"column":0},"end":{"line":17,"column":32}},"17":{"start":{"line":18,"column":0},"end":{"line":18,"column":57}},"21":{"start":{"line":22,"column":0},"end":{"line":22,"column":77}},"24":{"start":{"line":25,"column":0},"end":{"line":25,"column":23}},"25":{"start":{"line":26,"column":0},"end":{"line":26,"column":32}},"26":{"start":{"line":27,"column":0},"end":{"line":27,"column":42}},"30":{"start":{"line":31,"column":0},"end":{"line":31,"column":29}},"33":{"start":{"line":34,"column":0},"end":{"line":34,"column":2}}},"s":{"0":1,"1":1,"3":1,"4":1,"5":1,"7":1,"9":1,"11":1,"12":1,"13":1,"15":1,"16":1,"17":1,"21":1,"24":1,"25":1,"26":1,"30":1,"33":1},"branchMap":{"0":{"type":"branch","line":8,"loc":{"start":{"line":8,"column":23},"end":{"line":34,"column":2}},"locations":[{"start":{"line":8,"column":23},"end":{"line":34,"column":2}}]}},"b":{"0":[1]},"fnMap":{"0":{"name":"GifsApp","decl":{"start":{"line":8,"column":23},"end":{"line":34,"column":2}},"loc":{"start":{"line":8,"column":23},"end":{"line":34,"column":2}},"line":8}},"f":{"0":1}}
,"C:\\Users\\marce\\OneDrive\\Escritorio\\ReactJS\\03-gifApp\\react-ts-gifs\\src\\main.tsx": {"path":"C:\\Users\\marce\\OneDrive\\Escritorio\\ReactJS\\03-gifApp\\react-ts-gifs\\src\\main.tsx","all":true,"statementMap":{"0":{"start":{"line":1,"column":0},"end":{"line":1,"column":35}},"1":{"start":{"line":2,"column":0},"end":{"line":2,"column":46}},"3":{"start":{"line":4,"column":0},"end":{"line":4,"column":36}},"5":{"start":{"line":6,"column":0},"end":{"line":6,"column":21}},"7":{"start":{"line":8,"column":0},"end":{"line":8,"column":52}},"8":{"start":{"line":9,"column":0},"end":{"line":9,"column":14}},"9":{"start":{"line":10,"column":0},"end":{"line":10,"column":15}}},"s":{"0":0,"1":0,"3":0,"5":0,"7":0,"8":0,"9":0},"branchMap":{"0":{"type":"branch","line":1,"loc":{"start":{"line":1,"column":258},"end":{"line":12,"column":2}},"locations":[{"start":{"line":1,"column":258},"end":{"line":12,"column":2}}]}},"b":{"0":[0]},"fnMap":{"0":{"name":"(empty-report)","decl":{"start":{"line":1,"column":258},"end":{"line":12,"column":2}},"loc":{"start":{"line":1,"column":258},"end":{"line":12,"column":2}},"line":1}},"f":{"0":0}}
,"C:\\Users\\marce\\OneDrive\\Escritorio\\ReactJS\\03-gifApp\\react-ts-gifs\\src\\counter\\components\\MyCounterApp.tsx": {"path":"C:\\Users\\marce\\OneDrive\\Escritorio\\ReactJS\\03-gifApp\\react-ts-gifs\\src\\counter\\components\\MyCounterApp.tsx","all":false,"statementMap":{"0":{"start":{"line":1,"column":0},"end":{"line":1,"column":48}},"2":{"start":{"line":3,"column":0},"end":{"line":3,"column":35}},"4":{"start":{"line":5,"column":0},"end":{"line":5,"column":77}},"6":{"start":{"line":7,"column":0},"end":{"line":7,"column":12}},"7":{"start":{"line":8,"column":0},"end":{"line":8,"column":88}},"8":{"start":{"line":9,"column":0},"end":{"line":9,"column":39}},"9":{"start":{"line":10,"column":0},"end":{"line":10,"column":58}},"10":{"start":{"line":11,"column":0},"end":{"line":11,"column":55}},"11":{"start":{"line":12,"column":0},"end":{"line":12,"column":60}},"12":{"start":{"line":13,"column":0},"end":{"line":13,"column":60}},"16":{"start":{"line":17,"column":0},"end":{"line":17,"column":1}}},"s":{"0":1,"2":1,"4":7,"6":7,"7":7,"8":7,"9":7,"10":7,"11":7,"12":7,"16":7},"branchMap":{"0":{"type":"branch","line":3,"loc":{"start":{"line":3,"column":28},"end":{"line":17,"column":1}},"locations":[{"start":{"line":3,"column":28},"end":{"line":17,"column":1}}]}},"b":{"0":[7]},"fnMap":{"0":{"name":"MyCounterApp","decl":{"start":{"line":3,"column":28},"end":{"line":17,"column":1}},"loc":{"start":{"line":3,"column":28},"end":{"line":17,"column":1}},"line":3}},"f":{"0":7}}
,"C:\\Users\\marce\\OneDrive\\Escritorio\\ReactJS\\03-gifApp\\react-ts-gifs\\src\\counter\\hooks\\useCounter.tsx": {"path":"C:\\Users\\marce\\OneDrive\\Escritorio\\ReactJS\\03-gifApp\\react-ts-gifs\\src\\counter\\hooks\\useCounter.tsx","all":false,"statementMap":{"0":{"start":{"line":1,"column":0},"end":{"line":1,"column":33}},"2":{"start":{"line":3,"column":0},"end":{"line":3,"column":58}},"3":{"start":{"line":4,"column":0},"end":{"line":4,"column":53}},"5":{"start":{"line":6,"column":0},"end":{"line":6,"column":25}},"6":{"start":{"line":7,"column":0},"end":{"line":7,"column":28}},"7":{"start":{"line":8,"column":0},"end":{"line":8,"column":1}},"9":{"start":{"line":10,"column":0},"end":{"line":10,"column":30}},"10":{"start":{"line":11,"column":0},"end":{"line":11,"column":45}},"11":{"start":{"line":12,"column":0},"end":{"line":12,"column":1}},"13":{"start":{"line":14,"column":0},"end":{"line":14,"column":27}},"14":{"start":{"line":15,"column":0},"end":{"line":15,"column":29}},"15":{"start":{"line":16,"column":0},"end":{"line":16,"column":1}},"16":{"start":{"line":17,"column":0},"end":{"line":17,"column":10}},"17":{"start":{"line":18,"column":0},"end":{"line":18,"column":13}},"18":{"start":{"line":19,"column":0},"end":{"line":19,"column":12}},"19":{"start":{"line":20,"column":0},"end":{"line":20,"column":14}},"20":{"start":{"line":21,"column":0},"end":{"line":21,"column":14}},"21":{"start":{"line":22,"column":0},"end":{"line":22,"column":19}},"22":{"start":{"line":23,"column":0},"end":{"line":23,"column":15}},"23":{"start":{"line":24,"column":0},"end":{"line":24,"column":3}},"24":{"start":{"line":25,"column":0},"end":{"line":25,"column":1}}},"s":{"0":1,"2":1,"3":15,"5":15,"6":4,"7":4,"9":15,"10":2,"11":2,"13":15,"14":1,"15":1,"16":15,"17":15,"18":15,"19":15,"20":15,"21":15,"22":15,"23":15,"24":15},"branchMap":{"0":{"type":"branch","line":3,"loc":{"start":{"line":3,"column":26},"end":{"line":25,"column":1}},"locations":[{"start":{"line":3,"column":26},"end":{"line":25,"column":1}}]},"1":{"type":"branch","line":6,"loc":{"start":{"line":6,"column":18},"end":{"line":8,"column":1}},"locations":[{"start":{"line":6,"column":18},"end":{"line":8,"column":1}}]},"2":{"type":"branch","line":10,"loc":{"start":{"line":10,"column":23},"end":{"line":12,"column":1}},"locations":[{"start":{"line":10,"column":23},"end":{"line":12,"column":1}}]},"3":{"type":"branch","line":11,"loc":{"start":{"line":11,"column":15},"end":{"line":11,"column":45}},"locations":[{"start":{"line":11,"column":15},"end":{"line":11,"column":45}}]},"4":{"type":"branch","line":14,"loc":{"start":{"line":14,"column":20},"end":{"line":16,"column":1}},"locations":[{"start":{"line":14,"column":20},"end":{"line":16,"column":1}}]}},"b":{"0":[15],"1":[4],"2":[2],"3":[2],"4":[1]},"fnMap":{"0":{"name":"useCounter","decl":{"start":{"line":3,"column":26},"end":{"line":25,"column":1}},"loc":{"start":{"line":3,"column":26},"end":{"line":25,"column":1}},"line":3},"1":{"name":"handleAdd","decl":{"start":{"line":6,"column":18},"end":{"line":8,"column":1}},"loc":{"start":{"line":6,"column":18},"end":{"line":8,"column":1}},"line":6},"2":{"name":"handleSustract","decl":{"start":{"line":10,"column":23},"end":{"line":12,"column":1}},"loc":{"start":{"line":10,"column":23},"end":{"line":12,"column":1}},"line":10},"3":{"name":"handleReset","decl":{"start":{"line":14,"column":20},"end":{"line":16,"column":1}},"loc":{"start":{"line":14,"column":20},"end":{"line":16,"column":1}},"line":14}},"f":{"0":15,"1":4,"2":2,"3":1}}
,"C:\\Users\\marce\\OneDrive\\Escritorio\\ReactJS\\03-gifApp\\react-ts-gifs\\src\\gifs\\actions\\get-gifs-by-query.action.ts": {"path":"C:\\Users\\marce\\OneDrive\\Escritorio\\ReactJS\\03-gifApp\\react-ts-gifs\\src\\gifs\\actions\\get-gifs-by-query.action.ts","all":false,"statementMap":{"0":{"start":{"line":1,"column":0},"end":{"line":1,"column":44}},"5":{"start":{"line":6,"column":0},"end":{"line":6,"column":72}},"7":{"start":{"line":8,"column":0},"end":{"line":8,"column":8}},"8":{"start":{"line":9,"column":0},"end":{"line":9,"column":45}},"9":{"start":{"line":10,"column":0},"end":{"line":10,"column":63}},"10":{"start":{"line":11,"column":0},"end":{"line":11,"column":15}},"11":{"start":{"line":12,"column":0},"end":{"line":12,"column":17}},"12":{"start":{"line":13,"column":0},"end":{"line":13,"column":18}},"13":{"start":{"line":14,"column":0},"end":{"line":14,"column":8}},"14":{"start":{"line":15,"column":0},"end":{"line":15,"column":7}},"16":{"start":{"line":17,"column":0},"end":{"line":17,"column":45}},"17":{"start":{"line":18,"column":0},"end":{"line":18,"column":17}},"18":{"start":{"line":19,"column":0},"end":{"line":19,"column":23}},"19":{"start":{"line":20,"column":0},"end":{"line":20,"column":35}},"20":{"start":{"line":21,"column":0},"end":{"line":21,"column":47}},"21":{"start":{"line":22,"column":0},"end":{"line":22,"column":49}},"22":{"start":{"line":23,"column":0},"end":{"line":23,"column":8}},"24":{"start":{"line":25,"column":0},"end":{"line":25,"column":19}},"25":{"start":{"line":26,"column":0},"end":{"line":26,"column":25}},"26":{"start":{"line":27,"column":0},"end":{"line":27,"column":14}},"27":{"start":{"line":28,"column":0},"end":{"line":28,"column":3}},"30":{"start":{"line":31,"column":0},"end":{"line":31,"column":2}}},"s":{"0":1,"5":1,"7":6,"8":6,"9":5,"10":5,"11":5,"12":5,"13":5,"14":5,"16":4,"17":80,"18":80,"19":80,"20":80,"21":80,"22":80,"24":4,"25":1,"26":1,"27":1,"30":6},"branchMap":{"0":{"type":"branch","line":6,"loc":{"start":{"line":6,"column":30},"end":{"line":31,"column":2}},"locations":[{"start":{"line":6,"column":30},"end":{"line":31,"column":2}}]},"1":{"type":"branch","line":9,"loc":{"start":{"line":9,"column":35},"end":{"line":9,"column":45}},"locations":[{"start":{"line":9,"column":35},"end":{"line":9,"column":45}}]},"2":{"type":"branch","line":9,"loc":{"start":{"line":9,"column":44},"end":{"line":15,"column":7}},"locations":[{"start":{"line":9,"column":44},"end":{"line":15,"column":7}}]},"3":{"type":"branch","line":15,"loc":{"start":{"line":15,"column":4},"end":{"line":28,"column":3}},"locations":[{"start":{"line":15,"column":4},"end":{"line":28,"column":3}}]},"4":{"type":"branch","line":25,"loc":{"start":{"line":25,"column":4},"end":{"line":28,"column":3}},"locations":[{"start":{"line":25,"column":4},"end":{"line":28,"column":3}}]},"5":{"type":"branch","line":17,"loc":{"start":{"line":17,"column":34},"end":{"line":23,"column":8}},"locations":[{"start":{"line":17,"column":34},"end":{"line":23,"column":8}}]}},"b":{"0":[6],"1":[1],"2":[5],"3":[4],"4":[1],"5":[80]},"fnMap":{"0":{"name":"getGifsByQuery","decl":{"start":{"line":6,"column":30},"end":{"line":31,"column":2}},"loc":{"start":{"line":6,"column":30},"end":{"line":31,"column":2}},"line":6}},"f":{"0":6}}
,"C:\\Users\\marce\\OneDrive\\Escritorio\\ReactJS\\03-gifApp\\react-ts-gifs\\src\\gifs\\api\\giphy.api.ts": {"path":"C:\\Users\\marce\\OneDrive\\Escritorio\\ReactJS\\03-gifApp\\react-ts-gifs\\src\\gifs\\api\\giphy.api.ts","all":false,"statementMap":{"0":{"start":{"line":1,"column":0},"end":{"line":1,"column":26}},"2":{"start":{"line":3,"column":0},"end":{"line":3,"column":38}},"3":{"start":{"line":4,"column":0},"end":{"line":4,"column":43}},"4":{"start":{"line":5,"column":0},"end":{"line":5,"column":11}},"5":{"start":{"line":6,"column":0},"end":{"line":6,"column":15}},"6":{"start":{"line":7,"column":0},"end":{"line":7,"column":48}},"7":{"start":{"line":8,"column":0},"end":{"line":8,"column":4}},"8":{"start":{"line":9,"column":0},"end":{"line":9,"column":3}}},"s":{"0":1,"2":1,"3":1,"4":1,"5":1,"6":1,"7":1,"8":1},"branchMap":{},"b":{},"fnMap":{},"f":{}}
,"C:\\Users\\marce\\OneDrive\\Escritorio\\ReactJS\\03-gifApp\\react-ts-gifs\\src\\gifs\\components\\GifList.tsx": {"path":"C:\\Users\\marce\\OneDrive\\Escritorio\\ReactJS\\03-gifApp\\react-ts-gifs\\src\\gifs\\components\\GifList.tsx","all":false,"statementMap":{"7":{"start":{"line":8,"column":0},"end":{"line":8,"column":49}},"8":{"start":{"line":9,"column":0},"end":{"line":9,"column":10}},"9":{"start":{"line":10,"column":0},"end":{"line":10,"column":36}},"10":{"start":{"line":11,"column":0},"end":{"line":11,"column":26}},"11":{"start":{"line":12,"column":0},"end":{"line":12,"column":47}},"12":{"start":{"line":13,"column":0},"end":{"line":13,"column":47}},"13":{"start":{"line":14,"column":0},"end":{"line":14,"column":30}},"14":{"start":{"line":15,"column":0},"end":{"line":15,"column":13}},"15":{"start":{"line":16,"column":0},"end":{"line":16,"column":44}},"21":{"start":{"line":22,"column":0},"end":{"line":22,"column":2}}},"s":{"7":1,"8":1,"9":1,"10":1,"11":1,"12":1,"13":1,"14":1,"15":1,"21":1},"branchMap":{"0":{"type":"branch","line":8,"loc":{"start":{"line":8,"column":34},"end":{"line":22,"column":2}},"locations":[{"start":{"line":8,"column":34},"end":{"line":22,"column":2}}]}},"b":{"0":[1]},"fnMap":{"0":{"name":"GifList","decl":{"start":{"line":8,"column":34},"end":{"line":22,"column":2}},"loc":{"start":{"line":8,"column":34},"end":{"line":22,"column":2}},"line":8}},"f":{"0":1}}
,"C:\\Users\\marce\\OneDrive\\Escritorio\\ReactJS\\03-gifApp\\react-ts-gifs\\src\\gifs\\components\\PreviousSearches.tsx": {"path":"C:\\Users\\marce\\OneDrive\\Escritorio\\ReactJS\\03-gifApp\\react-ts-gifs\\src\\gifs\\components\\PreviousSearches.tsx","all":false,"statementMap":{"8":{"start":{"line":9,"column":0},"end":{"line":9,"column":78}},"9":{"start":{"line":10,"column":0},"end":{"line":10,"column":10}},"10":{"start":{"line":11,"column":0},"end":{"line":11,"column":39}},"11":{"start":{"line":12,"column":0},"end":{"line":12,"column":32}},"12":{"start":{"line":13,"column":0},"end":{"line":13,"column":45}},"13":{"start":{"line":14,"column":0},"end":{"line":14,"column":33}},"14":{"start":{"line":15,"column":0},"end":{"line":15,"column":62}},"15":{"start":{"line":16,"column":0},"end":{"line":16,"column":18}},"21":{"start":{"line":22,"column":0},"end":{"line":22,"column":2}}},"s":{"8":1,"9":1,"10":1,"11":1,"12":1,"13":1,"14":1,"15":1,"21":1},"branchMap":{"0":{"type":"branch","line":9,"loc":{"start":{"line":9,"column":43},"end":{"line":22,"column":2}},"locations":[{"start":{"line":9,"column":43},"end":{"line":22,"column":2}}]}},"b":{"0":[1]},"fnMap":{"0":{"name":"PreviousSearches","decl":{"start":{"line":9,"column":43},"end":{"line":22,"column":2}},"loc":{"start":{"line":9,"column":43},"end":{"line":22,"column":2}},"line":9}},"f":{"0":1}}
,"C:\\Users\\marce\\OneDrive\\Escritorio\\ReactJS\\03-gifApp\\react-ts-gifs\\src\\gifs\\hooks\\useGifs.tsx": {"path":"C:\\Users\\marce\\OneDrive\\Escritorio\\ReactJS\\03-gifApp\\react-ts-gifs\\src\\gifs\\hooks\\useGifs.tsx","all":false,"statementMap":{"0":{"start":{"line":1,"column":0},"end":{"line":1,"column":41}},"2":{"start":{"line":3,"column":0},"end":{"line":3,"column":69}},"4":{"start":{"line":5,"column":0},"end":{"line":5,"column":30}},"5":{"start":{"line":6,"column":0},"end":{"line":6,"column":46}},"6":{"start":{"line":7,"column":0},"end":{"line":7,"column":67}},"8":{"start":{"line":9,"column":0},"end":{"line":9,"column":54}},"10":{"start":{"line":11,"column":0},"end":{"line":11,"column":52}},"11":{"start":{"line":12,"column":0},"end":{"line":12,"column":33}},"12":{"start":{"line":13,"column":0},"end":{"line":13,"column":41}},"13":{"start":{"line":14,"column":0},"end":{"line":14,"column":15}},"14":{"start":{"line":15,"column":0},"end":{"line":15,"column":5}},"16":{"start":{"line":17,"column":0},"end":{"line":17,"column":44}},"17":{"start":{"line":18,"column":0},"end":{"line":18,"column":18}},"18":{"start":{"line":19,"column":0},"end":{"line":19,"column":35}},"20":{"start":{"line":21,"column":0},"end":{"line":21,"column":4}},"22":{"start":{"line":23,"column":0},"end":{"line":23,"column":54}},"23":{"start":{"line":24,"column":0},"end":{"line":24,"column":39}},"25":{"start":{"line":26,"column":0},"end":{"line":26,"column":35}},"27":{"start":{"line":28,"column":0},"end":{"line":28,"column":46}},"29":{"start":{"line":30,"column":0},"end":{"line":30,"column":61}},"31":{"start":{"line":32,"column":0},"end":{"line":32,"column":45}},"32":{"start":{"line":33,"column":0},"end":{"line":33,"column":18}},"34":{"start":{"line":35,"column":0},"end":{"line":35,"column":36}},"36":{"start":{"line":37,"column":0},"end":{"line":37,"column":4}},"38":{"start":{"line":39,"column":0},"end":{"line":39,"column":63}},"39":{"start":{"line":40,"column":0},"end":{"line":40,"column":1}}},"s":{"0":1,"2":1,"4":1,"5":19,"6":19,"8":19,"10":19,"11":1,"12":1,"13":1,"14":1,"16":0,"17":0,"18":0,"20":0,"22":19,"23":12,"25":12,"27":12,"29":12,"31":12,"32":12,"34":12,"36":12,"38":19,"39":19},"branchMap":{"0":{"type":"branch","line":5,"loc":{"start":{"line":5,"column":23},"end":{"line":40,"column":1}},"locations":[{"start":{"line":5,"column":23},"end":{"line":40,"column":1}}]},"1":{"type":"branch","line":11,"loc":{"start":{"line":11,"column":28},"end":{"line":21,"column":4}},"locations":[{"start":{"line":11,"column":28},"end":{"line":21,"column":4}}]},"2":{"type":"branch","line":15,"loc":{"start":{"line":15,"column":4},"end":{"line":21,"column":4}},"locations":[{"start":{"line":15,"column":4},"end":{"line":21,"column":4}}]},"3":{"type":"branch","line":23,"loc":{"start":{"line":23,"column":23},"end":{"line":37,"column":4}},"locations":[{"start":{"line":23,"column":23},"end":{"line":37,"column":4}}]},"4":{"type":"branch","line":26,"loc":{"start":{"line":26,"column":28},"end":{"line":26,"column":35}},"locations":[{"start":{"line":26,"column":28},"end":{"line":26,"column":35}}]},"5":{"type":"branch","line":28,"loc":{"start":{"line":28,"column":39},"end":{"line":28,"column":46}},"locations":[{"start":{"line":28,"column":39},"end":{"line":28,"column":46}}]}},"b":{"0":[19],"1":[1],"2":[0],"3":[12],"4":[0],"5":[0]},"fnMap":{"0":{"name":"useGifs","decl":{"start":{"line":5,"column":23},"end":{"line":40,"column":1}},"loc":{"start":{"line":5,"column":23},"end":{"line":40,"column":1}},"line":5},"1":{"name":"handleTermClicked","decl":{"start":{"line":11,"column":28},"end":{"line":21,"column":4}},"loc":{"start":{"line":11,"column":28},"end":{"line":21,"column":4}},"line":11},"2":{"name":"handleSearch","decl":{"start":{"line":23,"column":23},"end":{"line":37,"column":4}},"loc":{"start":{"line":23,"column":23},"end":{"line":37,"column":4}},"line":23}},"f":{"0":19,"1":1,"2":12}}
,"C:\\Users\\marce\\OneDrive\\Escritorio\\ReactJS\\03-gifApp\\react-ts-gifs\\src\\gifs\\interfaces\\gif.interface.ts": {"path":"C:\\Users\\marce\\OneDrive\\Escritorio\\ReactJS\\03-gifApp\\react-ts-gifs\\src\\gifs\\interfaces\\gif.interface.ts","all":true,"statementMap":{},"s":{},"branchMap":{"0":{"type":"branch","line":1,"loc":{"start":{"line":1,"column":111},"end":{"line":7,"column":1}},"locations":[{"start":{"line":1,"column":111},"end":{"line":7,"column":1}}]}},"b":{"0":[1]},"fnMap":{"0":{"name":"(empty-report)","decl":{"start":{"line":1,"column":111},"end":{"line":7,"column":1}},"loc":{"start":{"line":1,"column":111},"end":{"line":7,"column":1}},"line":1}},"f":{"0":1}}
,"C:\\Users\\marce\\OneDrive\\Escritorio\\ReactJS\\03-gifApp\\react-ts-gifs\\src\\gifs\\interfaces\\giphy.response.ts": {"path":"C:\\Users\\marce\\OneDrive\\Escritorio\\ReactJS\\03-gifApp\\react-ts-gifs\\src\\gifs\\interfaces\\giphy.response.ts","all":true,"statementMap":{"100":{"start":{"line":101,"column":0},"end":{"line":101,"column":20}},"105":{"start":{"line":106,"column":0},"end":{"line":106,"column":18}},"122":{"start":{"line":123,"column":0},"end":{"line":123,"column":22}}},"s":{"100":0,"105":0,"122":0},"branchMap":{"0":{"type":"branch","line":1,"loc":{"start":{"line":1,"column":2744},"end":{"line":138,"column":1}},"locations":[{"start":{"line":1,"column":2744},"end":{"line":138,"column":1}}]}},"b":{"0":[1]},"fnMap":{"0":{"name":"(empty-report)","decl":{"start":{"line":1,"column":2744},"end":{"line":138,"column":1}},"loc":{"start":{"line":1,"column":2744},"end":{"line":138,"column":1}},"line":1}},"f":{"0":1}}
,"C:\\Users\\marce\\OneDrive\\Escritorio\\ReactJS\\03-gifApp\\react-ts-gifs\\src\\mock-data\\gifs.mock.ts": {"path":"C:\\Users\\marce\\OneDrive\\Escritorio\\ReactJS\\03-gifApp\\react-ts-gifs\\src\\mock-data\\gifs.mock.ts","all":true,"statementMap":{"2":{"start":{"line":3,"column":0},"end":{"line":3,"column":32}},"3":{"start":{"line":4,"column":0},"end":{"line":4,"column":3}},"4":{"start":{"line":5,"column":0},"end":{"line":5,"column":12}},"5":{"start":{"line":6,"column":0},"end":{"line":6,"column":29}},"6":{"start":{"line":7,"column":0},"end":{"line":7,"column":185}},"7":{"start":{"line":8,"column":0},"end":{"line":8,"column":15}},"8":{"start":{"line":9,"column":0},"end":{"line":9,"column":16}},"9":{"start":{"line":10,"column":0},"end":{"line":10,"column":4}},"10":{"start":{"line":11,"column":0},"end":{"line":11,"column":3}},"11":{"start":{"line":12,"column":0},"end":{"line":12,"column":12}},"12":{"start":{"line":13,"column":0},"end":{"line":13,"column":23}},"13":{"start":{"line":14,"column":0},"end":{"line":14,"column":70}},"14":{"start":{"line":15,"column":0},"end":{"line":15,"column":15}},"15":{"start":{"line":16,"column":0},"end":{"line":16,"column":16}},"16":{"start":{"line":17,"column":0},"end":{"line":17,"column":4}},"17":{"start":{"line":18,"column":0},"end":{"line":18,"column":3}},"18":{"start":{"line":19,"column":0},"end":{"line":19,"column":12}},"19":{"start":{"line":20,"column":0},"end":{"line":20,"column":25}},"20":{"start":{"line":21,"column":0},"end":{"line":21,"column":185}},"21":{"start":{"line":22,"column":0},"end":{"line":22,"column":15}},"22":{"start":{"line":23,"column":0},"end":{"line":23,"column":16}},"23":{"start":{"line":24,"column":0},"end":{"line":24,"column":4}},"24":{"start":{"line":25,"column":0},"end":{"line":25,"column":3}},"25":{"start":{"line":26,"column":0},"end":{"line":26,"column":12}},"26":{"start":{"line":27,"column":0},"end":{"line":27,"column":23}},"27":{"start":{"line":28,"column":0},"end":{"line":28,"column":70}},"28":{"start":{"line":29,"column":0},"end":{"line":29,"column":15}},"29":{"start":{"line":30,"column":0},"end":{"line":30,"column":16}},"30":{"start":{"line":31,"column":0},"end":{"line":31,"column":4}},"31":{"start":{"line":32,"column":0},"end":{"line":32,"column":3}},"32":{"start":{"line":33,"column":0},"end":{"line":33,"column":12}},"33":{"start":{"line":34,"column":0},"end":{"line":34,"column":30}},"34":{"start":{"line":35,"column":0},"end":{"line":35,"column":185}},"35":{"start":{"line":36,"column":0},"end":{"line":36,"column":15}},"36":{"start":{"line":37,"column":0},"end":{"line":37,"column":16}},"37":{"start":{"line":38,"column":0},"end":{"line":38,"column":4}},"38":{"start":{"line":39,"column":0},"end":{"line":39,"column":3}},"39":{"start":{"line":40,"column":0},"end":{"line":40,"column":12}},"40":{"start":{"line":41,"column":0},"end":{"line":41,"column":31}},"41":{"start":{"line":42,"column":0},"end":{"line":42,"column":185}},"42":{"start":{"line":43,"column":0},"end":{"line":43,"column":15}},"43":{"start":{"line":44,"column":0},"end":{"line":44,"column":16}},"44":{"start":{"line":45,"column":0},"end":{"line":45,"column":4}},"45":{"start":{"line":46,"column":0},"end":{"line":46,"column":2}}},"s":{"2":0,"3":0,"4":0,"5":0,"6":0,"7":0,"8":0,"9":0,"10":0,"11":0,"12":0,"13":0,"14":0,"15":0,"16":0,"17":0,"18":0,"19":0,"20":0,"21":0,"22":0,"23":0,"24":0,"25":0,"26":0,"27":0,"28":0,"29":0,"30":0,"31":0,"32":0,"33":0,"34":0,"35":0,"36":0,"37":0,"38":0,"39":0,"40":0,"41":0,"42":0,"43":0,"44":0,"45":0},"branchMap":{"0":{"type":"branch","line":1,"loc":{"start":{"line":1,"column":1525},"end":{"line":46,"column":2}},"locations":[{"start":{"line":1,"column":1525},"end":{"line":46,"column":2}}]}},"b":{"0":[1]},"fnMap":{"0":{"name":"(empty-report)","decl":{"start":{"line":1,"column":1525},"end":{"line":46,"column":2}},"loc":{"start":{"line":1,"column":1525},"end":{"line":46,"column":2}},"line":1}},"f":{"0":1}}
,"C:\\Users\\marce\\OneDrive\\Escritorio\\ReactJS\\03-gifApp\\react-ts-gifs\\src\\mock-data\\giphy.response.data.ts": {"path":"C:\\Users\\marce\\OneDrive\\Escritorio\\ReactJS\\03-gifApp\\react-ts-gifs\\src\\mock-data\\giphy.response.data.ts","all":false,"statementMap":{"0":{"start":{"line":1,"column":0},"end":{"line":1,"column":38}},"1":{"start":{"line":2,"column":0},"end":{"line":2,"column":13}},"2":{"start":{"line":3,"column":0},"end":{"line":3,"column":9}},"3":{"start":{"line":4,"column":0},"end":{"line":4,"column":26}},"4":{"start":{"line":5,"column":0},"end":{"line":5,"column":39}},"5":{"start":{"line":6,"column":0},"end":{"line":6,"column":117}},"6":{"start":{"line":7,"column":0},"end":{"line":7,"column":95}},"7":{"start":{"line":8,"column":0},"end":{"line":8,"column":56}},"8":{"start":{"line":9,"column":0},"end":{"line":9,"column":52}},"9":{"start":{"line":10,"column":0},"end":{"line":10,"column":70}},"10":{"start":{"line":11,"column":0},"end":{"line":11,"column":27}},"11":{"start":{"line":12,"column":0},"end":{"line":12,"column":25}},"12":{"start":{"line":13,"column":0},"end":{"line":13,"column":78}},"13":{"start":{"line":14,"column":0},"end":{"line":14,"column":26}},"14":{"start":{"line":15,"column":0},"end":{"line":15,"column":30}},"15":{"start":{"line":16,"column":0},"end":{"line":16,"column":29}},"16":{"start":{"line":17,"column":0},"end":{"line":17,"column":34}},"17":{"start":{"line":18,"column":0},"end":{"line":18,"column":33}},"18":{"start":{"line":19,"column":0},"end":{"line":19,"column":28}},"19":{"start":{"line":20,"column":0},"end":{"line":20,"column":53}},"20":{"start":{"line":21,"column":0},"end":{"line":21,"column":55}},"21":{"start":{"line":22,"column":0},"end":{"line":22,"column":23}},"22":{"start":{"line":23,"column":0},"end":{"line":23,"column":29}},"23":{"start":{"line":24,"column":0},"end":{"line":24,"column":36}},"24":{"start":{"line":25,"column":0},"end":{"line":25,"column":35}},"25":{"start":{"line":26,"column":0},"end":{"line":26,"column":38}},"26":{"start":{"line":27,"column":0},"end":{"line":27,"column":193}},"27":{"start":{"line":28,"column":0},"end":{"line":28,"column":41}},"28":{"start":{"line":29,"column":0},"end":{"line":29,"column":193}},"29":{"start":{"line":30,"column":0},"end":{"line":30,"column":43}},"30":{"start":{"line":31,"column":0},"end":{"line":31,"column":195}},"31":{"start":{"line":32,"column":0},"end":{"line":32,"column":35}},"32":{"start":{"line":33,"column":0},"end":{"line":33,"column":62}},"33":{"start":{"line":34,"column":0},"end":{"line":34,"column":18}},"34":{"start":{"line":35,"column":0},"end":{"line":35,"column":30}},"35":{"start":{"line":36,"column":0},"end":{"line":36,"column":36}},"36":{"start":{"line":37,"column":0},"end":{"line":37,"column":35}},"37":{"start":{"line":38,"column":0},"end":{"line":38,"column":38}},"38":{"start":{"line":39,"column":0},"end":{"line":39,"column":202}},"39":{"start":{"line":40,"column":0},"end":{"line":40,"column":18}},"40":{"start":{"line":41,"column":0},"end":{"line":41,"column":36}},"41":{"start":{"line":42,"column":0},"end":{"line":42,"column":36}},"42":{"start":{"line":43,"column":0},"end":{"line":43,"column":35}},"43":{"start":{"line":44,"column":0},"end":{"line":44,"column":38}},"44":{"start":{"line":45,"column":0},"end":{"line":45,"column":192}},"45":{"start":{"line":46,"column":0},"end":{"line":46,"column":18}},"46":{"start":{"line":47,"column":0},"end":{"line":47,"column":37}},"47":{"start":{"line":48,"column":0},"end":{"line":48,"column":36}},"48":{"start":{"line":49,"column":0},"end":{"line":49,"column":35}},"49":{"start":{"line":50,"column":0},"end":{"line":50,"column":38}},"50":{"start":{"line":51,"column":0},"end":{"line":51,"column":192}},"51":{"start":{"line":52,"column":0},"end":{"line":52,"column":18}},"52":{"start":{"line":53,"column":0},"end":{"line":53,"column":36}},"53":{"start":{"line":54,"column":0},"end":{"line":54,"column":36}},"54":{"start":{"line":55,"column":0},"end":{"line":55,"column":35}},"55":{"start":{"line":56,"column":0},"end":{"line":56,"column":41}},"56":{"start":{"line":57,"column":0},"end":{"line":57,"column":208}},"57":{"start":{"line":58,"column":0},"end":{"line":58,"column":18}},"58":{"start":{"line":59,"column":0},"end":{"line":59,"column":36}},"59":{"start":{"line":60,"column":0},"end":{"line":60,"column":36}},"60":{"start":{"line":61,"column":0},"end":{"line":61,"column":35}},"61":{"start":{"line":62,"column":0},"end":{"line":62,"column":36}},"62":{"start":{"line":63,"column":0},"end":{"line":63,"column":204}},"63":{"start":{"line":64,"column":0},"end":{"line":64,"column":18}},"64":{"start":{"line":65,"column":0},"end":{"line":65,"column":33}},"65":{"start":{"line":66,"column":0},"end":{"line":66,"column":36}},"66":{"start":{"line":67,"column":0},"end":{"line":67,"column":35}},"67":{"start":{"line":68,"column":0},"end":{"line":68,"column":38}},"68":{"start":{"line":69,"column":0},"end":{"line":69,"column":191}},"69":{"start":{"line":70,"column":0},"end":{"line":70,"column":41}},"70":{"start":{"line":71,"column":0},"end":{"line":71,"column":191}},"71":{"start":{"line":72,"column":0},"end":{"line":72,"column":42}},"72":{"start":{"line":73,"column":0},"end":{"line":73,"column":192}},"73":{"start":{"line":74,"column":0},"end":{"line":74,"column":18}},"74":{"start":{"line":75,"column":0},"end":{"line":75,"column":45}},"75":{"start":{"line":76,"column":0},"end":{"line":76,"column":36}},"76":{"start":{"line":77,"column":0},"end":{"line":77,"column":35}},"77":{"start":{"line":78,"column":0},"end":{"line":78,"column":37}},"78":{"start":{"line":79,"column":0},"end":{"line":79,"column":193}},"79":{"start":{"line":80,"column":0},"end":{"line":80,"column":42}},"80":{"start":{"line":81,"column":0},"end":{"line":81,"column":194}},"81":{"start":{"line":82,"column":0},"end":{"line":82,"column":18}},"82":{"start":{"line":83,"column":0},"end":{"line":83,"column":39}},"83":{"start":{"line":84,"column":0},"end":{"line":84,"column":36}},"84":{"start":{"line":85,"column":0},"end":{"line":85,"column":35}},"85":{"start":{"line":86,"column":0},"end":{"line":86,"column":37}},"86":{"start":{"line":87,"column":0},"end":{"line":87,"column":191}},"87":{"start":{"line":88,"column":0},"end":{"line":88,"column":40}},"88":{"start":{"line":89,"column":0},"end":{"line":89,"column":191}},"89":{"start":{"line":90,"column":0},"end":{"line":90,"column":42}},"90":{"start":{"line":91,"column":0},"end":{"line":91,"column":192}},"91":{"start":{"line":92,"column":0},"end":{"line":92,"column":18}},"92":{"start":{"line":93,"column":0},"end":{"line":93,"column":45}},"93":{"start":{"line":94,"column":0},"end":{"line":94,"column":36}},"94":{"start":{"line":95,"column":0},"end":{"line":95,"column":35}},"95":{"start":{"line":96,"column":0},"end":{"line":96,"column":36}},"96":{"start":{"line":97,"column":0},"end":{"line":97,"column":192}},"97":{"start":{"line":98,"column":0},"end":{"line":98,"column":18}},"98":{"start":{"line":99,"column":0},"end":{"line":99,"column":39}},"99":{"start":{"line":100,"column":0},"end":{"line":100,"column":36}},"100":{"start":{"line":101,"column":0},"end":{"line":101,"column":35}},"101":{"start":{"line":102,"column":0},"end":{"line":102,"column":36}},"102":{"start":{"line":103,"column":0},"end":{"line":103,"column":192}},"103":{"start":{"line":104,"column":0},"end":{"line":104,"column":18}},"104":{"start":{"line":105,"column":0},"end":{"line":105,"column":32}},"105":{"start":{"line":106,"column":0},"end":{"line":106,"column":36}},"106":{"start":{"line":107,"column":0},"end":{"line":107,"column":35}},"107":{"start":{"line":108,"column":0},"end":{"line":108,"column":37}},"108":{"start":{"line":109,"column":0},"end":{"line":109,"column":192}},"109":{"start":{"line":110,"column":0},"end":{"line":110,"column":41}},"110":{"start":{"line":111,"column":0},"end":{"line":111,"column":192}},"111":{"start":{"line":112,"column":0},"end":{"line":112,"column":42}},"112":{"start":{"line":113,"column":0},"end":{"line":113,"column":193}},"113":{"start":{"line":114,"column":0},"end":{"line":114,"column":18}},"114":{"start":{"line":115,"column":0},"end":{"line":115,"column":44}},"115":{"start":{"line":116,"column":0},"end":{"line":116,"column":36}},"116":{"start":{"line":117,"column":0},"end":{"line":117,"column":35}},"117":{"start":{"line":118,"column":0},"end":{"line":118,"column":36}},"118":{"start":{"line":119,"column":0},"end":{"line":119,"column":194}},"119":{"start":{"line":120,"column":0},"end":{"line":120,"column":41}},"120":{"start":{"line":121,"column":0},"end":{"line":121,"column":195}},"121":{"start":{"line":122,"column":0},"end":{"line":122,"column":18}},"122":{"start":{"line":123,"column":0},"end":{"line":123,"column":38}},"123":{"start":{"line":124,"column":0},"end":{"line":124,"column":35}},"124":{"start":{"line":125,"column":0},"end":{"line":125,"column":35}},"125":{"start":{"line":126,"column":0},"end":{"line":126,"column":37}},"126":{"start":{"line":127,"column":0},"end":{"line":127,"column":192}},"127":{"start":{"line":128,"column":0},"end":{"line":128,"column":40}},"128":{"start":{"line":129,"column":0},"end":{"line":129,"column":192}},"129":{"start":{"line":130,"column":0},"end":{"line":130,"column":42}},"130":{"start":{"line":131,"column":0},"end":{"line":131,"column":193}},"131":{"start":{"line":132,"column":0},"end":{"line":132,"column":18}},"132":{"start":{"line":133,"column":0},"end":{"line":133,"column":44}},"133":{"start":{"line":134,"column":0},"end":{"line":134,"column":35}},"134":{"start":{"line":135,"column":0},"end":{"line":135,"column":35}},"135":{"start":{"line":136,"column":0},"end":{"line":136,"column":35}},"136":{"start":{"line":137,"column":0},"end":{"line":137,"column":193}},"137":{"start":{"line":138,"column":0},"end":{"line":138,"column":18}},"138":{"start":{"line":139,"column":0},"end":{"line":139,"column":38}},"139":{"start":{"line":140,"column":0},"end":{"line":140,"column":36}},"140":{"start":{"line":141,"column":0},"end":{"line":141,"column":35}},"141":{"start":{"line":142,"column":0},"end":{"line":142,"column":36}},"142":{"start":{"line":143,"column":0},"end":{"line":143,"column":193}},"143":{"start":{"line":144,"column":0},"end":{"line":144,"column":18}},"144":{"start":{"line":145,"column":0},"end":{"line":145,"column":28}},"145":{"start":{"line":146,"column":0},"end":{"line":146,"column":42}},"146":{"start":{"line":147,"column":0},"end":{"line":147,"column":197}},"147":{"start":{"line":148,"column":0},"end":{"line":148,"column":18}},"148":{"start":{"line":149,"column":0},"end":{"line":149,"column":35}},"149":{"start":{"line":150,"column":0},"end":{"line":150,"column":36}},"150":{"start":{"line":151,"column":0},"end":{"line":151,"column":35}},"151":{"start":{"line":152,"column":0},"end":{"line":152,"column":36}},"152":{"start":{"line":153,"column":0},"end":{"line":153,"column":194}},"153":{"start":{"line":154,"column":0},"end":{"line":154,"column":18}},"154":{"start":{"line":155,"column":0},"end":{"line":155,"column":33}},"155":{"start":{"line":156,"column":0},"end":{"line":156,"column":36}},"156":{"start":{"line":157,"column":0},"end":{"line":157,"column":35}},"157":{"start":{"line":158,"column":0},"end":{"line":158,"column":41}},"158":{"start":{"line":159,"column":0},"end":{"line":159,"column":192}},"159":{"start":{"line":160,"column":0},"end":{"line":160,"column":18}},"160":{"start":{"line":161,"column":0},"end":{"line":161,"column":28}},"161":{"start":{"line":162,"column":0},"end":{"line":162,"column":35}},"162":{"start":{"line":163,"column":0},"end":{"line":163,"column":35}},"163":{"start":{"line":164,"column":0},"end":{"line":164,"column":40}},"164":{"start":{"line":165,"column":0},"end":{"line":165,"column":200}},"165":{"start":{"line":166,"column":0},"end":{"line":166,"column":18}},"166":{"start":{"line":167,"column":0},"end":{"line":167,"column":32}},"167":{"start":{"line":168,"column":0},"end":{"line":168,"column":35}},"168":{"start":{"line":169,"column":0},"end":{"line":169,"column":35}},"169":{"start":{"line":170,"column":0},"end":{"line":170,"column":36}},"170":{"start":{"line":171,"column":0},"end":{"line":171,"column":200}},"171":{"start":{"line":172,"column":0},"end":{"line":172,"column":18}},"172":{"start":{"line":173,"column":0},"end":{"line":173,"column":33}},"173":{"start":{"line":174,"column":0},"end":{"line":174,"column":35}},"174":{"start":{"line":175,"column":0},"end":{"line":175,"column":35}},"175":{"start":{"line":176,"column":0},"end":{"line":176,"column":36}},"176":{"start":{"line":177,"column":0},"end":{"line":177,"column":201}},"177":{"start":{"line":178,"column":0},"end":{"line":178,"column":18}},"178":{"start":{"line":179,"column":0},"end":{"line":179,"column":31}},"179":{"start":{"line":180,"column":0},"end":{"line":180,"column":36}},"180":{"start":{"line":181,"column":0},"end":{"line":181,"column":35}},"181":{"start":{"line":182,"column":0},"end":{"line":182,"column":38}},"182":{"start":{"line":183,"column":0},"end":{"line":183,"column":193}},"183":{"start":{"line":184,"column":0},"end":{"line":184,"column":17}},"184":{"start":{"line":185,"column":0},"end":{"line":185,"column":14}},"185":{"start":{"line":186,"column":0},"end":{"line":186,"column":187}},"186":{"start":{"line":187,"column":0},"end":{"line":187,"column":26}},"187":{"start":{"line":188,"column":0},"end":{"line":188,"column":27}},"188":{"start":{"line":189,"column":0},"end":{"line":189,"column":270}},"189":{"start":{"line":190,"column":0},"end":{"line":190,"column":18}},"190":{"start":{"line":191,"column":0},"end":{"line":191,"column":28}},"191":{"start":{"line":192,"column":0},"end":{"line":192,"column":271}},"192":{"start":{"line":193,"column":0},"end":{"line":193,"column":18}},"193":{"start":{"line":194,"column":0},"end":{"line":194,"column":27}},"194":{"start":{"line":195,"column":0},"end":{"line":195,"column":270}},"195":{"start":{"line":196,"column":0},"end":{"line":196,"column":17}},"196":{"start":{"line":197,"column":0},"end":{"line":197,"column":14}},"197":{"start":{"line":198,"column":0},"end":{"line":198,"column":27}},"198":{"start":{"line":199,"column":0},"end":{"line":199,"column":36}},"199":{"start":{"line":200,"column":0},"end":{"line":200,"column":10}},"200":{"start":{"line":201,"column":0},"end":{"line":201,"column":9}},"201":{"start":{"line":202,"column":0},"end":{"line":202,"column":26}},"202":{"start":{"line":203,"column":0},"end":{"line":203,"column":39}},"203":{"start":{"line":204,"column":0},"end":{"line":204,"column":108}},"204":{"start":{"line":205,"column":0},"end":{"line":205,"column":86}},"205":{"start":{"line":206,"column":0},"end":{"line":206,"column":56}},"206":{"start":{"line":207,"column":0},"end":{"line":207,"column":52}},"207":{"start":{"line":208,"column":0},"end":{"line":208,"column":70}},"208":{"start":{"line":209,"column":0},"end":{"line":209,"column":27}},"209":{"start":{"line":210,"column":0},"end":{"line":210,"column":25}},"210":{"start":{"line":211,"column":0},"end":{"line":211,"column":63}},"211":{"start":{"line":212,"column":0},"end":{"line":212,"column":27}},"212":{"start":{"line":213,"column":0},"end":{"line":213,"column":30}},"213":{"start":{"line":214,"column":0},"end":{"line":214,"column":29}},"214":{"start":{"line":215,"column":0},"end":{"line":215,"column":34}},"215":{"start":{"line":216,"column":0},"end":{"line":216,"column":33}},"216":{"start":{"line":217,"column":0},"end":{"line":217,"column":28}},"217":{"start":{"line":218,"column":0},"end":{"line":218,"column":53}},"218":{"start":{"line":219,"column":0},"end":{"line":219,"column":55}},"219":{"start":{"line":220,"column":0},"end":{"line":220,"column":23}},"220":{"start":{"line":221,"column":0},"end":{"line":221,"column":29}},"221":{"start":{"line":222,"column":0},"end":{"line":222,"column":36}},"222":{"start":{"line":223,"column":0},"end":{"line":223,"column":35}},"223":{"start":{"line":224,"column":0},"end":{"line":224,"column":38}},"224":{"start":{"line":225,"column":0},"end":{"line":225,"column":193}},"225":{"start":{"line":226,"column":0},"end":{"line":226,"column":42}},"226":{"start":{"line":227,"column":0},"end":{"line":227,"column":193}},"227":{"start":{"line":228,"column":0},"end":{"line":228,"column":43}},"228":{"start":{"line":229,"column":0},"end":{"line":229,"column":195}},"229":{"start":{"line":230,"column":0},"end":{"line":230,"column":35}},"230":{"start":{"line":231,"column":0},"end":{"line":231,"column":62}},"231":{"start":{"line":232,"column":0},"end":{"line":232,"column":18}},"232":{"start":{"line":233,"column":0},"end":{"line":233,"column":30}},"233":{"start":{"line":234,"column":0},"end":{"line":234,"column":36}},"234":{"start":{"line":235,"column":0},"end":{"line":235,"column":35}},"235":{"start":{"line":236,"column":0},"end":{"line":236,"column":38}},"236":{"start":{"line":237,"column":0},"end":{"line":237,"column":202}},"237":{"start":{"line":238,"column":0},"end":{"line":238,"column":18}},"238":{"start":{"line":239,"column":0},"end":{"line":239,"column":36}},"239":{"start":{"line":240,"column":0},"end":{"line":240,"column":36}},"240":{"start":{"line":241,"column":0},"end":{"line":241,"column":35}},"241":{"start":{"line":242,"column":0},"end":{"line":242,"column":38}},"242":{"start":{"line":243,"column":0},"end":{"line":243,"column":192}},"243":{"start":{"line":244,"column":0},"end":{"line":244,"column":18}},"244":{"start":{"line":245,"column":0},"end":{"line":245,"column":37}},"245":{"start":{"line":246,"column":0},"end":{"line":246,"column":36}},"246":{"start":{"line":247,"column":0},"end":{"line":247,"column":35}},"247":{"start":{"line":248,"column":0},"end":{"line":248,"column":38}},"248":{"start":{"line":249,"column":0},"end":{"line":249,"column":192}},"249":{"start":{"line":250,"column":0},"end":{"line":250,"column":18}},"250":{"start":{"line":251,"column":0},"end":{"line":251,"column":36}},"251":{"start":{"line":252,"column":0},"end":{"line":252,"column":36}},"252":{"start":{"line":253,"column":0},"end":{"line":253,"column":35}},"253":{"start":{"line":254,"column":0},"end":{"line":254,"column":41}},"254":{"start":{"line":255,"column":0},"end":{"line":255,"column":208}},"255":{"start":{"line":256,"column":0},"end":{"line":256,"column":18}},"256":{"start":{"line":257,"column":0},"end":{"line":257,"column":36}},"257":{"start":{"line":258,"column":0},"end":{"line":258,"column":36}},"258":{"start":{"line":259,"column":0},"end":{"line":259,"column":35}},"259":{"start":{"line":260,"column":0},"end":{"line":260,"column":36}},"260":{"start":{"line":261,"column":0},"end":{"line":261,"column":204}},"261":{"start":{"line":262,"column":0},"end":{"line":262,"column":18}},"262":{"start":{"line":263,"column":0},"end":{"line":263,"column":33}},"263":{"start":{"line":264,"column":0},"end":{"line":264,"column":36}},"264":{"start":{"line":265,"column":0},"end":{"line":265,"column":35}},"265":{"start":{"line":266,"column":0},"end":{"line":266,"column":38}},"266":{"start":{"line":267,"column":0},"end":{"line":267,"column":191}},"267":{"start":{"line":268,"column":0},"end":{"line":268,"column":41}},"268":{"start":{"line":269,"column":0},"end":{"line":269,"column":191}},"269":{"start":{"line":270,"column":0},"end":{"line":270,"column":43}},"270":{"start":{"line":271,"column":0},"end":{"line":271,"column":192}},"271":{"start":{"line":272,"column":0},"end":{"line":272,"column":18}},"272":{"start":{"line":273,"column":0},"end":{"line":273,"column":45}},"273":{"start":{"line":274,"column":0},"end":{"line":274,"column":36}},"274":{"start":{"line":275,"column":0},"end":{"line":275,"column":35}},"275":{"start":{"line":276,"column":0},"end":{"line":276,"column":37}},"276":{"start":{"line":277,"column":0},"end":{"line":277,"column":193}},"277":{"start":{"line":278,"column":0},"end":{"line":278,"column":41}},"278":{"start":{"line":279,"column":0},"end":{"line":279,"column":194}},"279":{"start":{"line":280,"column":0},"end":{"line":280,"column":18}},"280":{"start":{"line":281,"column":0},"end":{"line":281,"column":39}},"281":{"start":{"line":282,"column":0},"end":{"line":282,"column":36}},"282":{"start":{"line":283,"column":0},"end":{"line":283,"column":35}},"283":{"start":{"line":284,"column":0},"end":{"line":284,"column":37}},"284":{"start":{"line":285,"column":0},"end":{"line":285,"column":191}},"285":{"start":{"line":286,"column":0},"end":{"line":286,"column":41}},"286":{"start":{"line":287,"column":0},"end":{"line":287,"column":191}},"287":{"start":{"line":288,"column":0},"end":{"line":288,"column":42}},"288":{"start":{"line":289,"column":0},"end":{"line":289,"column":192}},"289":{"start":{"line":290,"column":0},"end":{"line":290,"column":18}},"290":{"start":{"line":291,"column":0},"end":{"line":291,"column":45}},"291":{"start":{"line":292,"column":0},"end":{"line":292,"column":36}},"292":{"start":{"line":293,"column":0},"end":{"line":293,"column":35}},"293":{"start":{"line":294,"column":0},"end":{"line":294,"column":35}},"294":{"start":{"line":295,"column":0},"end":{"line":295,"column":192}},"295":{"start":{"line":296,"column":0},"end":{"line":296,"column":18}},"296":{"start":{"line":297,"column":0},"end":{"line":297,"column":39}},"297":{"start":{"line":298,"column":0},"end":{"line":298,"column":36}},"298":{"start":{"line":299,"column":0},"end":{"line":299,"column":35}},"299":{"start":{"line":300,"column":0},"end":{"line":300,"column":36}},"300":{"start":{"line":301,"column":0},"end":{"line":301,"column":192}},"301":{"start":{"line":302,"column":0},"end":{"line":302,"column":18}},"302":{"start":{"line":303,"column":0},"end":{"line":303,"column":32}},"303":{"start":{"line":304,"column":0},"end":{"line":304,"column":36}},"304":{"start":{"line":305,"column":0},"end":{"line":305,"column":35}},"305":{"start":{"line":306,"column":0},"end":{"line":306,"column":37}},"306":{"start":{"line":307,"column":0},"end":{"line":307,"column":192}},"307":{"start":{"line":308,"column":0},"end":{"line":308,"column":41}},"308":{"start":{"line":309,"column":0},"end":{"line":309,"column":192}},"309":{"start":{"line":310,"column":0},"end":{"line":310,"column":42}},"310":{"start":{"line":311,"column":0},"end":{"line":311,"column":193}},"311":{"start":{"line":312,"column":0},"end":{"line":312,"column":18}},"312":{"start":{"line":313,"column":0},"end":{"line":313,"column":44}},"313":{"start":{"line":314,"column":0},"end":{"line":314,"column":36}},"314":{"start":{"line":315,"column":0},"end":{"line":315,"column":35}},"315":{"start":{"line":316,"column":0},"end":{"line":316,"column":36}},"316":{"start":{"line":317,"column":0},"end":{"line":317,"column":194}},"317":{"start":{"line":318,"column":0},"end":{"line":318,"column":41}},"318":{"start":{"line":319,"column":0},"end":{"line":319,"column":195}},"319":{"start":{"line":320,"column":0},"end":{"line":320,"column":18}},"320":{"start":{"line":321,"column":0},"end":{"line":321,"column":38}},"321":{"start":{"line":322,"column":0},"end":{"line":322,"column":35}},"322":{"start":{"line":323,"column":0},"end":{"line":323,"column":35}},"323":{"start":{"line":324,"column":0},"end":{"line":324,"column":37}},"324":{"start":{"line":325,"column":0},"end":{"line":325,"column":192}},"325":{"start":{"line":326,"column":0},"end":{"line":326,"column":41}},"326":{"start":{"line":327,"column":0},"end":{"line":327,"column":192}},"327":{"start":{"line":328,"column":0},"end":{"line":328,"column":42}},"328":{"start":{"line":329,"column":0},"end":{"line":329,"column":193}},"329":{"start":{"line":330,"column":0},"end":{"line":330,"column":18}},"330":{"start":{"line":331,"column":0},"end":{"line":331,"column":44}},"331":{"start":{"line":332,"column":0},"end":{"line":332,"column":35}},"332":{"start":{"line":333,"column":0},"end":{"line":333,"column":35}},"333":{"start":{"line":334,"column":0},"end":{"line":334,"column":35}},"334":{"start":{"line":335,"column":0},"end":{"line":335,"column":193}},"335":{"start":{"line":336,"column":0},"end":{"line":336,"column":18}},"336":{"start":{"line":337,"column":0},"end":{"line":337,"column":38}},"337":{"start":{"line":338,"column":0},"end":{"line":338,"column":36}},"338":{"start":{"line":339,"column":0},"end":{"line":339,"column":35}},"339":{"start":{"line":340,"column":0},"end":{"line":340,"column":36}},"340":{"start":{"line":341,"column":0},"end":{"line":341,"column":193}},"341":{"start":{"line":342,"column":0},"end":{"line":342,"column":18}},"342":{"start":{"line":343,"column":0},"end":{"line":343,"column":28}},"343":{"start":{"line":344,"column":0},"end":{"line":344,"column":42}},"344":{"start":{"line":345,"column":0},"end":{"line":345,"column":197}},"345":{"start":{"line":346,"column":0},"end":{"line":346,"column":18}},"346":{"start":{"line":347,"column":0},"end":{"line":347,"column":35}},"347":{"start":{"line":348,"column":0},"end":{"line":348,"column":36}},"348":{"start":{"line":349,"column":0},"end":{"line":349,"column":35}},"349":{"start":{"line":350,"column":0},"end":{"line":350,"column":36}},"350":{"start":{"line":351,"column":0},"end":{"line":351,"column":194}},"351":{"start":{"line":352,"column":0},"end":{"line":352,"column":18}},"352":{"start":{"line":353,"column":0},"end":{"line":353,"column":33}},"353":{"start":{"line":354,"column":0},"end":{"line":354,"column":36}},"354":{"start":{"line":355,"column":0},"end":{"line":355,"column":35}},"355":{"start":{"line":356,"column":0},"end":{"line":356,"column":42}},"356":{"start":{"line":357,"column":0},"end":{"line":357,"column":192}},"357":{"start":{"line":358,"column":0},"end":{"line":358,"column":18}},"358":{"start":{"line":359,"column":0},"end":{"line":359,"column":28}},"359":{"start":{"line":360,"column":0},"end":{"line":360,"column":35}},"360":{"start":{"line":361,"column":0},"end":{"line":361,"column":35}},"361":{"start":{"line":362,"column":0},"end":{"line":362,"column":40}},"362":{"start":{"line":363,"column":0},"end":{"line":363,"column":200}},"363":{"start":{"line":364,"column":0},"end":{"line":364,"column":18}},"364":{"start":{"line":365,"column":0},"end":{"line":365,"column":32}},"365":{"start":{"line":366,"column":0},"end":{"line":366,"column":35}},"366":{"start":{"line":367,"column":0},"end":{"line":367,"column":35}},"367":{"start":{"line":368,"column":0},"end":{"line":368,"column":36}},"368":{"start":{"line":369,"column":0},"end":{"line":369,"column":200}},"369":{"start":{"line":370,"column":0},"end":{"line":370,"column":18}},"370":{"start":{"line":371,"column":0},"end":{"line":371,"column":33}},"371":{"start":{"line":372,"column":0},"end":{"line":372,"column":35}},"372":{"start":{"line":373,"column":0},"end":{"line":373,"column":35}},"373":{"start":{"line":374,"column":0},"end":{"line":374,"column":36}},"374":{"start":{"line":375,"column":0},"end":{"line":375,"column":201}},"375":{"start":{"line":376,"column":0},"end":{"line":376,"column":18}},"376":{"start":{"line":377,"column":0},"end":{"line":377,"column":31}},"377":{"start":{"line":378,"column":0},"end":{"line":378,"column":36}},"378":{"start":{"line":379,"column":0},"end":{"line":379,"column":35}},"379":{"start":{"line":380,"column":0},"end":{"line":380,"column":38}},"380":{"start":{"line":381,"column":0},"end":{"line":381,"column":193}},"381":{"start":{"line":382,"column":0},"end":{"line":382,"column":17}},"382":{"start":{"line":383,"column":0},"end":{"line":383,"column":14}},"383":{"start":{"line":384,"column":0},"end":{"line":384,"column":187}},"384":{"start":{"line":385,"column":0},"end":{"line":385,"column":26}},"385":{"start":{"line":386,"column":0},"end":{"line":386,"column":27}},"386":{"start":{"line":387,"column":0},"end":{"line":387,"column":270}},"387":{"start":{"line":388,"column":0},"end":{"line":388,"column":18}},"388":{"start":{"line":389,"column":0},"end":{"line":389,"column":28}},"389":{"start":{"line":390,"column":0},"end":{"line":390,"column":271}},"390":{"start":{"line":391,"column":0},"end":{"line":391,"column":18}},"391":{"start":{"line":392,"column":0},"end":{"line":392,"column":27}},"392":{"start":{"line":393,"column":0},"end":{"line":393,"column":270}},"393":{"start":{"line":394,"column":0},"end":{"line":394,"column":17}},"394":{"start":{"line":395,"column":0},"end":{"line":395,"column":14}},"395":{"start":{"line":396,"column":0},"end":{"line":396,"column":27}},"396":{"start":{"line":397,"column":0},"end":{"line":397,"column":36}},"397":{"start":{"line":398,"column":0},"end":{"line":398,"column":10}},"398":{"start":{"line":399,"column":0},"end":{"line":399,"column":9}},"399":{"start":{"line":400,"column":0},"end":{"line":400,"column":26}},"400":{"start":{"line":401,"column":0},"end":{"line":401,"column":39}},"401":{"start":{"line":402,"column":0},"end":{"line":402,"column":105}},"402":{"start":{"line":403,"column":0},"end":{"line":403,"column":83}},"403":{"start":{"line":404,"column":0},"end":{"line":404,"column":56}},"404":{"start":{"line":405,"column":0},"end":{"line":405,"column":52}},"405":{"start":{"line":406,"column":0},"end":{"line":406,"column":70}},"406":{"start":{"line":407,"column":0},"end":{"line":407,"column":27}},"407":{"start":{"line":408,"column":0},"end":{"line":408,"column":25}},"408":{"start":{"line":409,"column":0},"end":{"line":409,"column":59}},"409":{"start":{"line":410,"column":0},"end":{"line":410,"column":26}},"410":{"start":{"line":411,"column":0},"end":{"line":411,"column":30}},"411":{"start":{"line":412,"column":0},"end":{"line":412,"column":29}},"412":{"start":{"line":413,"column":0},"end":{"line":413,"column":34}},"413":{"start":{"line":414,"column":0},"end":{"line":414,"column":33}},"414":{"start":{"line":415,"column":0},"end":{"line":415,"column":28}},"415":{"start":{"line":416,"column":0},"end":{"line":416,"column":53}},"416":{"start":{"line":417,"column":0},"end":{"line":417,"column":55}},"417":{"start":{"line":418,"column":0},"end":{"line":418,"column":23}},"418":{"start":{"line":419,"column":0},"end":{"line":419,"column":29}},"419":{"start":{"line":420,"column":0},"end":{"line":420,"column":36}},"420":{"start":{"line":421,"column":0},"end":{"line":421,"column":35}},"421":{"start":{"line":422,"column":0},"end":{"line":422,"column":37}},"422":{"start":{"line":423,"column":0},"end":{"line":423,"column":193}},"423":{"start":{"line":424,"column":0},"end":{"line":424,"column":41}},"424":{"start":{"line":425,"column":0},"end":{"line":425,"column":193}},"425":{"start":{"line":426,"column":0},"end":{"line":426,"column":42}},"426":{"start":{"line":427,"column":0},"end":{"line":427,"column":195}},"427":{"start":{"line":428,"column":0},"end":{"line":428,"column":35}},"428":{"start":{"line":429,"column":0},"end":{"line":429,"column":62}},"429":{"start":{"line":430,"column":0},"end":{"line":430,"column":18}},"430":{"start":{"line":431,"column":0},"end":{"line":431,"column":30}},"431":{"start":{"line":432,"column":0},"end":{"line":432,"column":36}},"432":{"start":{"line":433,"column":0},"end":{"line":433,"column":35}},"433":{"start":{"line":434,"column":0},"end":{"line":434,"column":37}},"434":{"start":{"line":435,"column":0},"end":{"line":435,"column":192}},"435":{"start":{"line":436,"column":0},"end":{"line":436,"column":18}},"436":{"start":{"line":437,"column":0},"end":{"line":437,"column":36}},"437":{"start":{"line":438,"column":0},"end":{"line":438,"column":36}},"438":{"start":{"line":439,"column":0},"end":{"line":439,"column":35}},"439":{"start":{"line":440,"column":0},"end":{"line":440,"column":37}},"440":{"start":{"line":441,"column":0},"end":{"line":441,"column":192}},"441":{"start":{"line":442,"column":0},"end":{"line":442,"column":18}},"442":{"start":{"line":443,"column":0},"end":{"line":443,"column":37}},"443":{"start":{"line":444,"column":0},"end":{"line":444,"column":36}},"444":{"start":{"line":445,"column":0},"end":{"line":445,"column":35}},"445":{"start":{"line":446,"column":0},"end":{"line":446,"column":37}},"446":{"start":{"line":447,"column":0},"end":{"line":447,"column":192}},"447":{"start":{"line":448,"column":0},"end":{"line":448,"column":18}},"448":{"start":{"line":449,"column":0},"end":{"line":449,"column":36}},"449":{"start":{"line":450,"column":0},"end":{"line":450,"column":36}},"450":{"start":{"line":451,"column":0},"end":{"line":451,"column":35}},"451":{"start":{"line":452,"column":0},"end":{"line":452,"column":41}},"452":{"start":{"line":453,"column":0},"end":{"line":453,"column":208}},"453":{"start":{"line":454,"column":0},"end":{"line":454,"column":18}},"454":{"start":{"line":455,"column":0},"end":{"line":455,"column":36}},"455":{"start":{"line":456,"column":0},"end":{"line":456,"column":36}},"456":{"start":{"line":457,"column":0},"end":{"line":457,"column":35}},"457":{"start":{"line":458,"column":0},"end":{"line":458,"column":37}},"458":{"start":{"line":459,"column":0},"end":{"line":459,"column":194}},"459":{"start":{"line":460,"column":0},"end":{"line":460,"column":18}},"460":{"start":{"line":461,"column":0},"end":{"line":461,"column":33}},"461":{"start":{"line":462,"column":0},"end":{"line":462,"column":36}},"462":{"start":{"line":463,"column":0},"end":{"line":463,"column":35}},"463":{"start":{"line":464,"column":0},"end":{"line":464,"column":37}},"464":{"start":{"line":465,"column":0},"end":{"line":465,"column":191}},"465":{"start":{"line":466,"column":0},"end":{"line":466,"column":41}},"466":{"start":{"line":467,"column":0},"end":{"line":467,"column":191}},"467":{"start":{"line":468,"column":0},"end":{"line":468,"column":42}},"468":{"start":{"line":469,"column":0},"end":{"line":469,"column":192}},"469":{"start":{"line":470,"column":0},"end":{"line":470,"column":18}},"470":{"start":{"line":471,"column":0},"end":{"line":471,"column":45}},"471":{"start":{"line":472,"column":0},"end":{"line":472,"column":36}},"472":{"start":{"line":473,"column":0},"end":{"line":473,"column":35}},"473":{"start":{"line":474,"column":0},"end":{"line":474,"column":36}},"474":{"start":{"line":475,"column":0},"end":{"line":475,"column":193}},"475":{"start":{"line":476,"column":0},"end":{"line":476,"column":41}},"476":{"start":{"line":477,"column":0},"end":{"line":477,"column":194}},"477":{"start":{"line":478,"column":0},"end":{"line":478,"column":18}},"478":{"start":{"line":479,"column":0},"end":{"line":479,"column":39}},"479":{"start":{"line":480,"column":0},"end":{"line":480,"column":36}},"480":{"start":{"line":481,"column":0},"end":{"line":481,"column":35}},"481":{"start":{"line":482,"column":0},"end":{"line":482,"column":37}},"482":{"start":{"line":483,"column":0},"end":{"line":483,"column":191}},"483":{"start":{"line":484,"column":0},"end":{"line":484,"column":40}},"484":{"start":{"line":485,"column":0},"end":{"line":485,"column":191}},"485":{"start":{"line":486,"column":0},"end":{"line":486,"column":41}},"486":{"start":{"line":487,"column":0},"end":{"line":487,"column":192}},"487":{"start":{"line":488,"column":0},"end":{"line":488,"column":18}},"488":{"start":{"line":489,"column":0},"end":{"line":489,"column":45}},"489":{"start":{"line":490,"column":0},"end":{"line":490,"column":36}},"490":{"start":{"line":491,"column":0},"end":{"line":491,"column":35}},"491":{"start":{"line":492,"column":0},"end":{"line":492,"column":35}},"492":{"start":{"line":493,"column":0},"end":{"line":493,"column":192}},"493":{"start":{"line":494,"column":0},"end":{"line":494,"column":18}},"494":{"start":{"line":495,"column":0},"end":{"line":495,"column":39}},"495":{"start":{"line":496,"column":0},"end":{"line":496,"column":36}},"496":{"start":{"line":497,"column":0},"end":{"line":497,"column":35}},"497":{"start":{"line":498,"column":0},"end":{"line":498,"column":35}},"498":{"start":{"line":499,"column":0},"end":{"line":499,"column":192}},"499":{"start":{"line":500,"column":0},"end":{"line":500,"column":18}},"500":{"start":{"line":501,"column":0},"end":{"line":501,"column":32}},"501":{"start":{"line":502,"column":0},"end":{"line":502,"column":36}},"502":{"start":{"line":503,"column":0},"end":{"line":503,"column":35}},"503":{"start":{"line":504,"column":0},"end":{"line":504,"column":37}},"504":{"start":{"line":505,"column":0},"end":{"line":505,"column":192}},"505":{"start":{"line":506,"column":0},"end":{"line":506,"column":41}},"506":{"start":{"line":507,"column":0},"end":{"line":507,"column":192}},"507":{"start":{"line":508,"column":0},"end":{"line":508,"column":42}},"508":{"start":{"line":509,"column":0},"end":{"line":509,"column":193}},"509":{"start":{"line":510,"column":0},"end":{"line":510,"column":18}},"510":{"start":{"line":511,"column":0},"end":{"line":511,"column":44}},"511":{"start":{"line":512,"column":0},"end":{"line":512,"column":36}},"512":{"start":{"line":513,"column":0},"end":{"line":513,"column":35}},"513":{"start":{"line":514,"column":0},"end":{"line":514,"column":36}},"514":{"start":{"line":515,"column":0},"end":{"line":515,"column":194}},"515":{"start":{"line":516,"column":0},"end":{"line":516,"column":41}},"516":{"start":{"line":517,"column":0},"end":{"line":517,"column":195}},"517":{"start":{"line":518,"column":0},"end":{"line":518,"column":18}},"518":{"start":{"line":519,"column":0},"end":{"line":519,"column":38}},"519":{"start":{"line":520,"column":0},"end":{"line":520,"column":35}},"520":{"start":{"line":521,"column":0},"end":{"line":521,"column":35}},"521":{"start":{"line":522,"column":0},"end":{"line":522,"column":36}},"522":{"start":{"line":523,"column":0},"end":{"line":523,"column":192}},"523":{"start":{"line":524,"column":0},"end":{"line":524,"column":40}},"524":{"start":{"line":525,"column":0},"end":{"line":525,"column":192}},"525":{"start":{"line":526,"column":0},"end":{"line":526,"column":41}},"526":{"start":{"line":527,"column":0},"end":{"line":527,"column":193}},"527":{"start":{"line":528,"column":0},"end":{"line":528,"column":18}},"528":{"start":{"line":529,"column":0},"end":{"line":529,"column":44}},"529":{"start":{"line":530,"column":0},"end":{"line":530,"column":35}},"530":{"start":{"line":531,"column":0},"end":{"line":531,"column":35}},"531":{"start":{"line":532,"column":0},"end":{"line":532,"column":35}},"532":{"start":{"line":533,"column":0},"end":{"line":533,"column":193}},"533":{"start":{"line":534,"column":0},"end":{"line":534,"column":18}},"534":{"start":{"line":535,"column":0},"end":{"line":535,"column":38}},"535":{"start":{"line":536,"column":0},"end":{"line":536,"column":36}},"536":{"start":{"line":537,"column":0},"end":{"line":537,"column":35}},"537":{"start":{"line":538,"column":0},"end":{"line":538,"column":35}},"538":{"start":{"line":539,"column":0},"end":{"line":539,"column":193}},"539":{"start":{"line":540,"column":0},"end":{"line":540,"column":18}},"540":{"start":{"line":541,"column":0},"end":{"line":541,"column":28}},"541":{"start":{"line":542,"column":0},"end":{"line":542,"column":42}},"542":{"start":{"line":543,"column":0},"end":{"line":543,"column":197}},"543":{"start":{"line":544,"column":0},"end":{"line":544,"column":18}},"544":{"start":{"line":545,"column":0},"end":{"line":545,"column":35}},"545":{"start":{"line":546,"column":0},"end":{"line":546,"column":36}},"546":{"start":{"line":547,"column":0},"end":{"line":547,"column":35}},"547":{"start":{"line":548,"column":0},"end":{"line":548,"column":36}},"548":{"start":{"line":549,"column":0},"end":{"line":549,"column":194}},"549":{"start":{"line":550,"column":0},"end":{"line":550,"column":18}},"550":{"start":{"line":551,"column":0},"end":{"line":551,"column":33}},"551":{"start":{"line":552,"column":0},"end":{"line":552,"column":36}},"552":{"start":{"line":553,"column":0},"end":{"line":553,"column":35}},"553":{"start":{"line":554,"column":0},"end":{"line":554,"column":41}},"554":{"start":{"line":555,"column":0},"end":{"line":555,"column":192}},"555":{"start":{"line":556,"column":0},"end":{"line":556,"column":18}},"556":{"start":{"line":557,"column":0},"end":{"line":557,"column":28}},"557":{"start":{"line":558,"column":0},"end":{"line":558,"column":36}},"558":{"start":{"line":559,"column":0},"end":{"line":559,"column":35}},"559":{"start":{"line":560,"column":0},"end":{"line":560,"column":40}},"560":{"start":{"line":561,"column":0},"end":{"line":561,"column":200}},"561":{"start":{"line":562,"column":0},"end":{"line":562,"column":18}},"562":{"start":{"line":563,"column":0},"end":{"line":563,"column":32}},"563":{"start":{"line":564,"column":0},"end":{"line":564,"column":35}},"564":{"start":{"line":565,"column":0},"end":{"line":565,"column":35}},"565":{"start":{"line":566,"column":0},"end":{"line":566,"column":36}},"566":{"start":{"line":567,"column":0},"end":{"line":567,"column":200}},"567":{"start":{"line":568,"column":0},"end":{"line":568,"column":18}},"568":{"start":{"line":569,"column":0},"end":{"line":569,"column":33}},"569":{"start":{"line":570,"column":0},"end":{"line":570,"column":35}},"570":{"start":{"line":571,"column":0},"end":{"line":571,"column":35}},"571":{"start":{"line":572,"column":0},"end":{"line":572,"column":36}},"572":{"start":{"line":573,"column":0},"end":{"line":573,"column":201}},"573":{"start":{"line":574,"column":0},"end":{"line":574,"column":18}},"574":{"start":{"line":575,"column":0},"end":{"line":575,"column":31}},"575":{"start":{"line":576,"column":0},"end":{"line":576,"column":36}},"576":{"start":{"line":577,"column":0},"end":{"line":577,"column":35}},"577":{"start":{"line":578,"column":0},"end":{"line":578,"column":37}},"578":{"start":{"line":579,"column":0},"end":{"line":579,"column":193}},"579":{"start":{"line":580,"column":0},"end":{"line":580,"column":17}},"580":{"start":{"line":581,"column":0},"end":{"line":581,"column":14}},"581":{"start":{"line":582,"column":0},"end":{"line":582,"column":187}},"582":{"start":{"line":583,"column":0},"end":{"line":583,"column":26}},"583":{"start":{"line":584,"column":0},"end":{"line":584,"column":27}},"584":{"start":{"line":585,"column":0},"end":{"line":585,"column":270}},"585":{"start":{"line":586,"column":0},"end":{"line":586,"column":18}},"586":{"start":{"line":587,"column":0},"end":{"line":587,"column":28}},"587":{"start":{"line":588,"column":0},"end":{"line":588,"column":271}},"588":{"start":{"line":589,"column":0},"end":{"line":589,"column":18}},"589":{"start":{"line":590,"column":0},"end":{"line":590,"column":27}},"590":{"start":{"line":591,"column":0},"end":{"line":591,"column":270}},"591":{"start":{"line":592,"column":0},"end":{"line":592,"column":17}},"592":{"start":{"line":593,"column":0},"end":{"line":593,"column":14}},"593":{"start":{"line":594,"column":0},"end":{"line":594,"column":27}},"594":{"start":{"line":595,"column":0},"end":{"line":595,"column":36}},"595":{"start":{"line":596,"column":0},"end":{"line":596,"column":10}},"596":{"start":{"line":597,"column":0},"end":{"line":597,"column":9}},"597":{"start":{"line":598,"column":0},"end":{"line":598,"column":26}},"598":{"start":{"line":599,"column":0},"end":{"line":599,"column":39}},"599":{"start":{"line":600,"column":0},"end":{"line":600,"column":98}},"600":{"start":{"line":601,"column":0},"end":{"line":601,"column":76}},"601":{"start":{"line":602,"column":0},"end":{"line":602,"column":56}},"602":{"start":{"line":603,"column":0},"end":{"line":603,"column":52}},"603":{"start":{"line":604,"column":0},"end":{"line":604,"column":70}},"604":{"start":{"line":605,"column":0},"end":{"line":605,"column":27}},"605":{"start":{"line":606,"column":0},"end":{"line":606,"column":25}},"606":{"start":{"line":607,"column":0},"end":{"line":607,"column":57}},"607":{"start":{"line":608,"column":0},"end":{"line":608,"column":27}},"608":{"start":{"line":609,"column":0},"end":{"line":609,"column":30}},"609":{"start":{"line":610,"column":0},"end":{"line":610,"column":29}},"610":{"start":{"line":611,"column":0},"end":{"line":611,"column":34}},"611":{"start":{"line":612,"column":0},"end":{"line":612,"column":33}},"612":{"start":{"line":613,"column":0},"end":{"line":613,"column":28}},"613":{"start":{"line":614,"column":0},"end":{"line":614,"column":53}},"614":{"start":{"line":615,"column":0},"end":{"line":615,"column":55}},"615":{"start":{"line":616,"column":0},"end":{"line":616,"column":23}},"616":{"start":{"line":617,"column":0},"end":{"line":617,"column":29}},"617":{"start":{"line":618,"column":0},"end":{"line":618,"column":36}},"618":{"start":{"line":619,"column":0},"end":{"line":619,"column":35}},"619":{"start":{"line":620,"column":0},"end":{"line":620,"column":37}},"620":{"start":{"line":621,"column":0},"end":{"line":621,"column":193}},"621":{"start":{"line":622,"column":0},"end":{"line":622,"column":41}},"622":{"start":{"line":623,"column":0},"end":{"line":623,"column":193}},"623":{"start":{"line":624,"column":0},"end":{"line":624,"column":42}},"624":{"start":{"line":625,"column":0},"end":{"line":625,"column":195}},"625":{"start":{"line":626,"column":0},"end":{"line":626,"column":34}},"626":{"start":{"line":627,"column":0},"end":{"line":627,"column":62}},"627":{"start":{"line":628,"column":0},"end":{"line":628,"column":18}},"628":{"start":{"line":629,"column":0},"end":{"line":629,"column":30}},"629":{"start":{"line":630,"column":0},"end":{"line":630,"column":36}},"630":{"start":{"line":631,"column":0},"end":{"line":631,"column":35}},"631":{"start":{"line":632,"column":0},"end":{"line":632,"column":37}},"632":{"start":{"line":633,"column":0},"end":{"line":633,"column":192}},"633":{"start":{"line":634,"column":0},"end":{"line":634,"column":18}},"634":{"start":{"line":635,"column":0},"end":{"line":635,"column":36}},"635":{"start":{"line":636,"column":0},"end":{"line":636,"column":36}},"636":{"start":{"line":637,"column":0},"end":{"line":637,"column":35}},"637":{"start":{"line":638,"column":0},"end":{"line":638,"column":37}},"638":{"start":{"line":639,"column":0},"end":{"line":639,"column":192}},"639":{"start":{"line":640,"column":0},"end":{"line":640,"column":18}},"640":{"start":{"line":641,"column":0},"end":{"line":641,"column":37}},"641":{"start":{"line":642,"column":0},"end":{"line":642,"column":36}},"642":{"start":{"line":643,"column":0},"end":{"line":643,"column":35}},"643":{"start":{"line":644,"column":0},"end":{"line":644,"column":37}},"644":{"start":{"line":645,"column":0},"end":{"line":645,"column":192}},"645":{"start":{"line":646,"column":0},"end":{"line":646,"column":18}},"646":{"start":{"line":647,"column":0},"end":{"line":647,"column":36}},"647":{"start":{"line":648,"column":0},"end":{"line":648,"column":36}},"648":{"start":{"line":649,"column":0},"end":{"line":649,"column":35}},"649":{"start":{"line":650,"column":0},"end":{"line":650,"column":40}},"650":{"start":{"line":651,"column":0},"end":{"line":651,"column":208}},"651":{"start":{"line":652,"column":0},"end":{"line":652,"column":18}},"652":{"start":{"line":653,"column":0},"end":{"line":653,"column":36}},"653":{"start":{"line":654,"column":0},"end":{"line":654,"column":36}},"654":{"start":{"line":655,"column":0},"end":{"line":655,"column":35}},"655":{"start":{"line":656,"column":0},"end":{"line":656,"column":37}},"656":{"start":{"line":657,"column":0},"end":{"line":657,"column":194}},"657":{"start":{"line":658,"column":0},"end":{"line":658,"column":18}},"658":{"start":{"line":659,"column":0},"end":{"line":659,"column":33}},"659":{"start":{"line":660,"column":0},"end":{"line":660,"column":36}},"660":{"start":{"line":661,"column":0},"end":{"line":661,"column":35}},"661":{"start":{"line":662,"column":0},"end":{"line":662,"column":37}},"662":{"start":{"line":663,"column":0},"end":{"line":663,"column":191}},"663":{"start":{"line":664,"column":0},"end":{"line":664,"column":40}},"664":{"start":{"line":665,"column":0},"end":{"line":665,"column":191}},"665":{"start":{"line":666,"column":0},"end":{"line":666,"column":41}},"666":{"start":{"line":667,"column":0},"end":{"line":667,"column":192}},"667":{"start":{"line":668,"column":0},"end":{"line":668,"column":18}},"668":{"start":{"line":669,"column":0},"end":{"line":669,"column":45}},"669":{"start":{"line":670,"column":0},"end":{"line":670,"column":36}},"670":{"start":{"line":671,"column":0},"end":{"line":671,"column":35}},"671":{"start":{"line":672,"column":0},"end":{"line":672,"column":37}},"672":{"start":{"line":673,"column":0},"end":{"line":673,"column":193}},"673":{"start":{"line":674,"column":0},"end":{"line":674,"column":41}},"674":{"start":{"line":675,"column":0},"end":{"line":675,"column":194}},"675":{"start":{"line":676,"column":0},"end":{"line":676,"column":18}},"676":{"start":{"line":677,"column":0},"end":{"line":677,"column":39}},"677":{"start":{"line":678,"column":0},"end":{"line":678,"column":36}},"678":{"start":{"line":679,"column":0},"end":{"line":679,"column":35}},"679":{"start":{"line":680,"column":0},"end":{"line":680,"column":36}},"680":{"start":{"line":681,"column":0},"end":{"line":681,"column":191}},"681":{"start":{"line":682,"column":0},"end":{"line":682,"column":40}},"682":{"start":{"line":683,"column":0},"end":{"line":683,"column":191}},"683":{"start":{"line":684,"column":0},"end":{"line":684,"column":41}},"684":{"start":{"line":685,"column":0},"end":{"line":685,"column":192}},"685":{"start":{"line":686,"column":0},"end":{"line":686,"column":18}},"686":{"start":{"line":687,"column":0},"end":{"line":687,"column":45}},"687":{"start":{"line":688,"column":0},"end":{"line":688,"column":36}},"688":{"start":{"line":689,"column":0},"end":{"line":689,"column":35}},"689":{"start":{"line":690,"column":0},"end":{"line":690,"column":35}},"690":{"start":{"line":691,"column":0},"end":{"line":691,"column":192}},"691":{"start":{"line":692,"column":0},"end":{"line":692,"column":18}},"692":{"start":{"line":693,"column":0},"end":{"line":693,"column":39}},"693":{"start":{"line":694,"column":0},"end":{"line":694,"column":36}},"694":{"start":{"line":695,"column":0},"end":{"line":695,"column":35}},"695":{"start":{"line":696,"column":0},"end":{"line":696,"column":36}},"696":{"start":{"line":697,"column":0},"end":{"line":697,"column":192}},"697":{"start":{"line":698,"column":0},"end":{"line":698,"column":18}},"698":{"start":{"line":699,"column":0},"end":{"line":699,"column":32}},"699":{"start":{"line":700,"column":0},"end":{"line":700,"column":36}},"700":{"start":{"line":701,"column":0},"end":{"line":701,"column":35}},"701":{"start":{"line":702,"column":0},"end":{"line":702,"column":37}},"702":{"start":{"line":703,"column":0},"end":{"line":703,"column":192}},"703":{"start":{"line":704,"column":0},"end":{"line":704,"column":40}},"704":{"start":{"line":705,"column":0},"end":{"line":705,"column":192}},"705":{"start":{"line":706,"column":0},"end":{"line":706,"column":41}},"706":{"start":{"line":707,"column":0},"end":{"line":707,"column":193}},"707":{"start":{"line":708,"column":0},"end":{"line":708,"column":18}},"708":{"start":{"line":709,"column":0},"end":{"line":709,"column":44}},"709":{"start":{"line":710,"column":0},"end":{"line":710,"column":36}},"710":{"start":{"line":711,"column":0},"end":{"line":711,"column":35}},"711":{"start":{"line":712,"column":0},"end":{"line":712,"column":36}},"712":{"start":{"line":713,"column":0},"end":{"line":713,"column":194}},"713":{"start":{"line":714,"column":0},"end":{"line":714,"column":41}},"714":{"start":{"line":715,"column":0},"end":{"line":715,"column":195}},"715":{"start":{"line":716,"column":0},"end":{"line":716,"column":18}},"716":{"start":{"line":717,"column":0},"end":{"line":717,"column":38}},"717":{"start":{"line":718,"column":0},"end":{"line":718,"column":35}},"718":{"start":{"line":719,"column":0},"end":{"line":719,"column":35}},"719":{"start":{"line":720,"column":0},"end":{"line":720,"column":36}},"720":{"start":{"line":721,"column":0},"end":{"line":721,"column":192}},"721":{"start":{"line":722,"column":0},"end":{"line":722,"column":40}},"722":{"start":{"line":723,"column":0},"end":{"line":723,"column":192}},"723":{"start":{"line":724,"column":0},"end":{"line":724,"column":41}},"724":{"start":{"line":725,"column":0},"end":{"line":725,"column":193}},"725":{"start":{"line":726,"column":0},"end":{"line":726,"column":18}},"726":{"start":{"line":727,"column":0},"end":{"line":727,"column":44}},"727":{"start":{"line":728,"column":0},"end":{"line":728,"column":35}},"728":{"start":{"line":729,"column":0},"end":{"line":729,"column":35}},"729":{"start":{"line":730,"column":0},"end":{"line":730,"column":35}},"730":{"start":{"line":731,"column":0},"end":{"line":731,"column":193}},"731":{"start":{"line":732,"column":0},"end":{"line":732,"column":18}},"732":{"start":{"line":733,"column":0},"end":{"line":733,"column":38}},"733":{"start":{"line":734,"column":0},"end":{"line":734,"column":36}},"734":{"start":{"line":735,"column":0},"end":{"line":735,"column":35}},"735":{"start":{"line":736,"column":0},"end":{"line":736,"column":36}},"736":{"start":{"line":737,"column":0},"end":{"line":737,"column":193}},"737":{"start":{"line":738,"column":0},"end":{"line":738,"column":18}},"738":{"start":{"line":739,"column":0},"end":{"line":739,"column":28}},"739":{"start":{"line":740,"column":0},"end":{"line":740,"column":42}},"740":{"start":{"line":741,"column":0},"end":{"line":741,"column":197}},"741":{"start":{"line":742,"column":0},"end":{"line":742,"column":18}},"742":{"start":{"line":743,"column":0},"end":{"line":743,"column":35}},"743":{"start":{"line":744,"column":0},"end":{"line":744,"column":36}},"744":{"start":{"line":745,"column":0},"end":{"line":745,"column":35}},"745":{"start":{"line":746,"column":0},"end":{"line":746,"column":36}},"746":{"start":{"line":747,"column":0},"end":{"line":747,"column":194}},"747":{"start":{"line":748,"column":0},"end":{"line":748,"column":18}},"748":{"start":{"line":749,"column":0},"end":{"line":749,"column":33}},"749":{"start":{"line":750,"column":0},"end":{"line":750,"column":36}},"750":{"start":{"line":751,"column":0},"end":{"line":751,"column":35}},"751":{"start":{"line":752,"column":0},"end":{"line":752,"column":41}},"752":{"start":{"line":753,"column":0},"end":{"line":753,"column":192}},"753":{"start":{"line":754,"column":0},"end":{"line":754,"column":18}},"754":{"start":{"line":755,"column":0},"end":{"line":755,"column":28}},"755":{"start":{"line":756,"column":0},"end":{"line":756,"column":36}},"756":{"start":{"line":757,"column":0},"end":{"line":757,"column":35}},"757":{"start":{"line":758,"column":0},"end":{"line":758,"column":40}},"758":{"start":{"line":759,"column":0},"end":{"line":759,"column":200}},"759":{"start":{"line":760,"column":0},"end":{"line":760,"column":18}},"760":{"start":{"line":761,"column":0},"end":{"line":761,"column":32}},"761":{"start":{"line":762,"column":0},"end":{"line":762,"column":35}},"762":{"start":{"line":763,"column":0},"end":{"line":763,"column":35}},"763":{"start":{"line":764,"column":0},"end":{"line":764,"column":36}},"764":{"start":{"line":765,"column":0},"end":{"line":765,"column":191}},"765":{"start":{"line":766,"column":0},"end":{"line":766,"column":18}},"766":{"start":{"line":767,"column":0},"end":{"line":767,"column":33}},"767":{"start":{"line":768,"column":0},"end":{"line":768,"column":35}},"768":{"start":{"line":769,"column":0},"end":{"line":769,"column":35}},"769":{"start":{"line":770,"column":0},"end":{"line":770,"column":36}},"770":{"start":{"line":771,"column":0},"end":{"line":771,"column":192}},"771":{"start":{"line":772,"column":0},"end":{"line":772,"column":18}},"772":{"start":{"line":773,"column":0},"end":{"line":773,"column":31}},"773":{"start":{"line":774,"column":0},"end":{"line":774,"column":36}},"774":{"start":{"line":775,"column":0},"end":{"line":775,"column":35}},"775":{"start":{"line":776,"column":0},"end":{"line":776,"column":37}},"776":{"start":{"line":777,"column":0},"end":{"line":777,"column":193}},"777":{"start":{"line":778,"column":0},"end":{"line":778,"column":17}},"778":{"start":{"line":779,"column":0},"end":{"line":779,"column":14}},"779":{"start":{"line":780,"column":0},"end":{"line":780,"column":187}},"780":{"start":{"line":781,"column":0},"end":{"line":781,"co
[...]
,"9113":1,"9114":1,"9115":1,"9116":1,"9117":1,"9118":1,"9119":1,"9120":1,"9121":1,"9122":1,"9123":1,"9124":1,"9125":1,"9126":1,"9127":1,"9128":1,"9129":1,"9130":1,"9131":1,"9132":1,"9133":1,"9134":1,"9135":1,"9136":1,"9137":1,"9138":1,"9139":1,"9140":1,"9141":1,"9142":1,"9143":1,"9144":1,"9145":1,"9146":1,"9147":1,"9148":1,"9149":1,"9150":1,"9151":1,"9152":1,"9153":1,"9154":1,"9155":1,"9156":1,"9157":1,"9158":1,"9159":1,"9160":1,"9161":1,"9162":1,"9163":1,"9164":1,"9165":1,"9166":1,"9167":1,"9168":1,"9169":1,"9170":1,"9171":1,"9172":1,"9173":1,"9174":1,"9175":1,"9176":1,"9177":1,"9178":1,"9179":1,"9180":1,"9181":1,"9182":1,"9183":1,"9184":1,"9185":1,"9186":1,"9187":1,"9188":1,"9189":1,"9190":1,"9191":1,"9192":1,"9193":1,"9194":1,"9195":1,"9196":1,"9197":1,"9198":1,"9199":1,"9200":1,"9201":1,"9202":1,"9203":1,"9204":1,"9205":1,"9206":1,"9207":1,"9208":1,"9209":1,"9210":1,"9211":1,"9212":1,"9213":1,"9214":1,"9215":1,"9216":1,"9217":1,"9218":1,"9219":1,"9220":1,"9221":1,"9222":1,"9223":1,"9224":1,"9225":1,"9226":1,"9227":1,"9228":1,"9229":1,"9230":1,"9231":1,"9232":1,"9233":1,"9234":1,"9235":1,"9236":1,"9237":1,"9238":1,"9239":1,"9240":1,"9241":1,"9242":1,"9243":1,"9244":1,"9245":1,"9246":1,"9247":1,"9248":1,"9249":1,"9250":1,"9251":1,"9252":1,"9253":1,"9254":1,"9255":1,"9256":1,"9257":1,"9258":1,"9259":1,"9260":1,"9261":1,"9262":1,"9263":1,"9264":1,"9265":1,"9266":1,"9267":1,"9268":1,"9269":1,"9270":1,"9271":1,"9272":1,"9273":1,"9274":1,"9275":1,"9276":1,"9277":1,"9278":1,"9279":1,"9280":1,"9281":1,"9282":1,"9283":1,"9284":1,"9285":1,"9286":1,"9287":1,"9288":1,"9289":1,"9290":1,"9291":1,"9292":1,"9293":1,"9294":1,"9295":1,"9296":1,"9297":1,"9298":1,"9299":1,"9300":1,"9301":1,"9302":1,"9303":1,"9304":1,"9305":1,"9306":1,"9307":1,"9308":1,"9309":1,"9310":1,"9311":1,"9312":1,"9313":1,"9314":1,"9315":1,"9316":1,"9317":1,"9318":1,"9319":1,"9320":1,"9321":1,"9322":1,"9323":1,"9324":1,"9325":1,"9326":1,"9327":1,"9328":1,"9329":1,"9330":1,"9331":1,"9332":1,"9333":1,"9334":1,"9335":1,"9336":1,"9337":1,"9338":1,"9339":1,"9340":1,"9341":1,"9342":1,"9343":1,"9344":1,"9345":1,"9346":1,"9347":1,"9348":1,"9349":1,"9350":1,"9351":1,"9352":1,"9353":1,"9354":1,"9355":1,"9356":1,"9357":1,"9358":1,"9359":1,"9360":1,"9361":1,"9362":1,"9363":1,"9364":1,"9365":1,"9366":1,"9367":1,"9368":1,"9369":1,"9370":1,"9371":1,"9372":1,"9373":1,"9374":1,"9375":1,"9376":1,"9377":1,"9378":1,"9379":1,"9380":1,"9381":1,"9382":1,"9383":1,"9384":1,"9385":1,"9386":1,"9387":1,"9388":1,"9389":1,"9390":1,"9391":1,"9392":1,"9393":1,"9394":1,"9395":1,"9396":1,"9397":1,"9398":1,"9399":1,"9400":1,"9401":1,"9402":1,"9403":1,"9404":1,"9405":1,"9406":1,"9407":1,"9408":1,"9409":1,"9410":1,"9411":1,"9412":1,"9413":1,"9414":1,"9415":1,"9416":1,"9417":1,"9418":1,"9419":1,"9420":1,"9421":1,"9422":1,"9423":1,"9424":1,"9425":1,"9426":1,"9427":1,"9428":1,"9429":1,"9430":1,"9431":1,"9432":1,"9433":1,"9434":1,"9435":1,"9436":1,"9437":1,"9438":1,"9439":1,"9440":1,"9441":1,"9442":1,"9443":1,"9444":1,"9445":1,"9446":1,"9447":1,"9448":1,"9449":1,"9450":1,"9451":1,"9452":1,"9453":1,"9454":1,"9455":1,"9456":1,"9457":1,"9458":1,"9459":1,"9460":1,"9461":1,"9462":1,"9463":1,"9464":1,"9465":1,"9466":1,"9467":1,"9468":1,"9469":1,"9470":1,"9471":1,"9472":1,"9473":1,"9474":1,"9475":1,"9476":1,"9477":1,"9478":1,"9479":1,"9480":1,"9481":1,"9482":1,"9483":1,"9484":1,"9485":1,"9486":1,"9487":1,"9488":1,"9489":1,"9490":1,"9491":1,"9492":1,"9493":1,"9494":1,"9495":1,"9496":1,"9497":1,"9498":1,"9499":1,"9500":1,"9501":1,"9502":1,"9503":1,"9504":1,"9505":1,"9506":1,"9507":1,"9508":1,"9509":1,"9510":1,"9511":1,"9512":1,"9513":1,"9514":1,"9515":1,"9516":1,"9517":1,"9518":1,"9519":1,"9520":1,"9521":1,"9522":1,"9523":1,"9524":1,"9525":1,"9526":1,"9527":1,"9528":1,"9529":1,"9530":1,"9531":1,"9532":1,"9533":1,"9534":1,"9535":1,"9536":1,"9537":1,"9538":1,"9539":1,"9540":1,"9541":1,"9542":1,"9543":1,"9544":1,"9545":1,"9546":1,"9547":1,"9548":1,"9549":1,"9550":1,"9551":1,"9552":1,"9553":1,"9554":1,"9555":1,"9556":1,"9557":1,"9558":1,"9559":1,"9560":1,"9561":1,"9562":1,"9563":1,"9564":1,"9565":1,"9566":1,"9567":1,"9568":1,"9569":1,"9570":1,"9571":1,"9572":1,"9573":1,"9574":1,"9575":1,"9576":1,"9577":1,"9578":1,"9579":1,"9580":1,"9581":1,"9582":1,"9583":1,"9584":1,"9585":1,"9586":1,"9587":1,"9588":1,"9589":1,"9590":1,"9591":1,"9592":1,"9593":1,"9594":1,"9595":1,"9596":1,"9597":1,"9598":1,"9599":1,"9600":1,"9601":1,"9602":1,"9603":1,"9604":1,"9605":1,"9606":1,"9607":1,"9608":1,"9609":1,"9610":1,"9611":1,"9612":1,"9613":1,"9614":1,"9615":1,"9616":1,"9617":1,"9618":1,"9619":1,"9620":1,"9621":1,"9622":1,"9623":1,"9624":1,"9625":1,"9626":1,"9627":1,"9628":1,"9629":1,"9630":1,"9631":1,"9632":1,"9633":1,"9634":1,"9635":1,"9636":1,"9637":1,"9638":1,"9639":1,"9640":1,"9641":1,"9642":1,"9643":1,"9644":1,"9645":1,"9646":1,"9647":1,"9648":1,"9649":1,"9650":1,"9651":1,"9652":1,"9653":1,"9654":1,"9655":1,"9656":1,"9657":1,"9658":1,"9659":1,"9660":1,"9661":1,"9662":1,"9663":1,"9664":1,"9665":1,"9666":1,"9667":1,"9668":1,"9669":1,"9670":1,"9671":1,"9672":1,"9673":1,"9674":1,"9675":1,"9676":1,"9677":1,"9678":1,"9679":1,"9680":1,"9681":1,"9682":1,"9683":1,"9684":1,"9685":1,"9686":1,"9687":1,"9688":1,"9689":1,"9690":1,"9691":1,"9692":1,"9693":1,"9694":1,"9695":1,"9696":1,"9697":1,"9698":1,"9699":1,"9700":1,"9701":1,"9702":1,"9703":1,"9704":1,"9705":1,"9706":1,"9707":1,"9708":1,"9709":1,"9710":1,"9711":1,"9712":1,"9713":1,"9714":1,"9715":1,"9716":1,"9717":1,"9718":1,"9719":1,"9720":1,"9721":1,"9722":1,"9723":1,"9724":1,"9725":1,"9726":1,"9727":1,"9728":1,"9729":1,"9730":1,"9731":1,"9732":1,"9733":1,"9734":1,"9735":1,"9736":1,"9737":1,"9738":1,"9739":1,"9740":1,"9741":1,"9742":1,"9743":1,"9744":1,"9745":1,"9746":1,"9747":1,"9748":1,"9749":1,"9750":1,"9751":1,"9752":1,"9753":1,"9754":1,"9755":1,"9756":1,"9757":1,"9758":1,"9759":1,"9760":1,"9761":1,"9762":1,"9763":1,"9764":1,"9765":1,"9766":1,"9767":1,"9768":1,"9769":1,"9770":1,"9771":1,"9772":1,"9773":1,"9774":1,"9775":1,"9776":1,"9777":1,"9778":1,"9779":1,"9780":1,"9781":1,"9782":1,"9783":1,"9784":1,"9785":1,"9786":1,"9787":1,"9788":1,"9789":1,"9790":1,"9791":1,"9792":1,"9793":1,"9794":1,"9795":1,"9796":1,"9797":1,"9798":1,"9799":1,"9800":1,"9801":1,"9802":1,"9803":1,"9804":1,"9805":1,"9806":1,"9807":1,"9808":1,"9809":1,"9810":1,"9811":1,"9812":1,"9813":1,"9814":1,"9815":1,"9816":1,"9817":1,"9818":1,"9819":1,"9820":1,"9821":1,"9822":1,"9823":1,"9824":1,"9825":1,"9826":1,"9827":1,"9828":1,"9829":1,"9830":1,"9831":1,"9832":1,"9833":1,"9834":1,"9835":1,"9836":1,"9837":1,"9838":1,"9839":1,"9840":1,"9841":1,"9842":1,"9843":1,"9844":1,"9845":1,"9846":1,"9847":1,"9848":1,"9849":1,"9850":1,"9851":1,"9852":1,"9853":1,"9854":1,"9855":1,"9856":1,"9857":1,"9858":1,"9859":1,"9860":1,"9861":1,"9862":1,"9863":1,"9864":1,"9865":1,"9866":1,"9867":1,"9868":1,"9869":1,"9870":1,"9871":1,"9872":1,"9873":1,"9874":1,"9875":1,"9876":1,"9877":1,"9878":1,"9879":1,"9880":1,"9881":1,"9882":1,"9883":1,"9884":1,"9885":1,"9886":1,"9887":1,"9888":1,"9889":1,"9890":1,"9891":1,"9892":1,"9893":1,"9894":1,"9895":1,"9896":1,"9897":1,"9898":1,"9899":1,"9900":1,"9901":1,"9902":1,"9903":1,"9904":1,"9905":1,"9906":1,"9907":1,"9908":1,"9909":1,"9910":1,"9911":1,"9912":1,"9913":1,"9914":1,"9915":1,"9916":1,"9917":1,"9918":1,"9919":1,"9920":1,"9921":1,"9922":1,"9923":1,"9924":1,"9925":1,"9926":1,"9927":1,"9928":1,"9929":1,"9930":1,"9931":1,"9932":1,"9933":1,"9934":1,"9935":1,"9936":1,"9937":1,"9938":1,"9939":1,"9940":1,"9941":1,"9942":1,"9943":1,"9944":1,"9945":1,"9946":1,"9947":1,"9948":1,"9949":1,"9950":1,"9951":1,"9952":1,"9953":1,"9954":1,"9955":1,"9956":1,"9957":1,"9958":1,"9959":1,"9960":1,"9961":1,"9962":1,"9963":1,"9964":1,"9965":1,"9966":1,"9967":1,"9968":1,"9969":1,"9970":1,"9971":1,"9972":1,"9973":1,"9974":1,"9975":1,"9976":1,"9977":1,"9978":1,"9979":1,"9980":1,"9981":1,"9982":1,"9983":1,"9984":1,"9985":1,"9986":1,"9987":1,"9988":1,"9989":1,"9990":1,"9991":1,"9992":1,"9993":1,"9994":1,"9995":1,"9996":1,"9997":1,"9998":1,"9999":1,"10000":1,"10001":1,"10002":1,"10003":1,"10004":1,"10005":1,"10006":1,"10007":1,"10008":1,"10009":1,"10010":1,"10011":1,"10012":1,"10013":1,"10014":1,"10015":1,"10016":1,"10017":1,"10018":1,"10019":1,"10020":1,"10021":1,"10022":1,"10023":1,"10024":1,"10025":1,"10026":1,"10027":1,"10028":1,"10029":1,"10030":1,"10031":1,"10032":1,"10033":1,"10034":1,"10035":1,"10036":1,"10037":1,"10038":1,"10039":1,"10040":1,"10041":1,"10042":1,"10043":1},"branchMap":{},"b":{},"fnMap":{},"f":{}}
,"C:\\Users\\marce\\OneDrive\\Escritorio\\ReactJS\\03-gifApp\\react-ts-gifs\\src\\shared\\components\\CustomHeader.tsx": {"path":"C:\\Users\\marce\\OneDrive\\Escritorio\\ReactJS\\03-gifApp\\react-ts-gifs\\src\\shared\\components\\CustomHeader.tsx","all":false,"statementMap":{"5":{"start":{"line":6,"column":0},"end":{"line":6,"column":64}},"6":{"start":{"line":7,"column":0},"end":{"line":7,"column":10}},"7":{"start":{"line":8,"column":0},"end":{"line":8,"column":36}},"8":{"start":{"line":9,"column":0},"end":{"line":9,"column":22}},"9":{"start":{"line":10,"column":0},"end":{"line":10,"column":43}},"12":{"start":{"line":13,"column":0},"end":{"line":13,"column":2}}},"s":{"5":1,"6":4,"7":4,"8":4,"9":4,"12":4},"branchMap":{"0":{"type":"branch","line":6,"loc":{"start":{"line":6,"column":28},"end":{"line":13,"column":2}},"locations":[{"start":{"line":6,"column":28},"end":{"line":13,"column":2}}]}},"b":{"0":[4]},"fnMap":{"0":{"name":"CustomHeader","decl":{"start":{"line":6,"column":28},"end":{"line":13,"column":2}},"loc":{"start":{"line":6,"column":28},"end":{"line":13,"column":2}},"line":6}},"f":{"0":4}}
,"C:\\Users\\marce\\OneDrive\\Escritorio\\ReactJS\\03-gifApp\\react-ts-gifs\\src\\shared\\components\\SearchBar.tsx": {"path":"C:\\Users\\marce\\OneDrive\\Escritorio\\ReactJS\\03-gifApp\\react-ts-gifs\\src\\shared\\components\\SearchBar.tsx","all":false,"statementMap":{"0":{"start":{"line":1,"column":0},"end":{"line":1,"column":64}},"8":{"start":{"line":9,"column":0},"end":{"line":9,"column":74}},"9":{"start":{"line":10,"column":0},"end":{"line":10,"column":41}},"11":{"start":{"line":12,"column":0},"end":{"line":12,"column":19}},"12":{"start":{"line":13,"column":0},"end":{"line":13,"column":40}},"13":{"start":{"line":14,"column":0},"end":{"line":14,"column":21}},"14":{"start":{"line":15,"column":0},"end":{"line":15,"column":12}},"16":{"start":{"line":17,"column":0},"end":{"line":17,"column":18}},"17":{"start":{"line":18,"column":0},"end":{"line":18,"column":30}},"18":{"start":{"line":19,"column":0},"end":{"line":19,"column":6}},"19":{"start":{"line":20,"column":0},"end":{"line":20,"column":23}},"21":{"start":{"line":22,"column":0},"end":{"line":22,"column":30}},"22":{"start":{"line":23,"column":0},"end":{"line":23,"column":19}},"23":{"start":{"line":24,"column":0},"end":{"line":24,"column":20}},"24":{"start":{"line":25,"column":0},"end":{"line":25,"column":4}},"26":{"start":{"line":27,"column":0},"end":{"line":27,"column":69}},"27":{"start":{"line":28,"column":0},"end":{"line":28,"column":32}},"28":{"start":{"line":29,"column":0},"end":{"line":29,"column":21}},"29":{"start":{"line":30,"column":0},"end":{"line":30,"column":5}},"30":{"start":{"line":31,"column":0},"end":{"line":31,"column":4}},"32":{"start":{"line":33,"column":0},"end":{"line":33,"column":10}},"33":{"start":{"line":34,"column":0},"end":{"line":34,"column":38}},"34":{"start":{"line":35,"column":0},"end":{"line":35,"column":12}},"35":{"start":{"line":36,"column":0},"end":{"line":36,"column":19}},"36":{"start":{"line":37,"column":0},"end":{"line":37,"column":33}},"37":{"start":{"line":38,"column":0},"end":{"line":38,"column":21}},"38":{"start":{"line":39,"column":0},"end":{"line":39,"column":58}},"39":{"start":{"line":40,"column":0},"end":{"line":40,"column":33}},"41":{"start":{"line":42,"column":0},"end":{"line":42,"column":52}},"44":{"start":{"line":45,"column":0},"end":{"line":45,"column":2}}},"s":{"0":1,"8":1,"9":9,"11":9,"12":9,"13":2,"14":9,"16":9,"17":9,"18":9,"19":9,"21":9,"22":1,"23":1,"24":1,"26":9,"27":0,"28":0,"29":0,"30":0,"32":9,"33":9,"34":9,"35":9,"36":9,"37":9,"38":9,"39":9,"41":9,"44":9},"branchMap":{"0":{"type":"branch","line":9,"loc":{"start":{"line":9,"column":25},"end":{"line":45,"column":2}},"locations":[{"start":{"line":9,"column":25},"end":{"line":45,"column":2}}]},"1":{"type":"branch","line":12,"loc":{"start":{"line":12,"column":12},"end":{"line":20,"column":5}},"locations":[{"start":{"line":12,"column":12},"end":{"line":20,"column":5}}]},"2":{"type":"branch","line":13,"loc":{"start":{"line":13,"column":33},"end":{"line":15,"column":7}},"locations":[{"start":{"line":13,"column":33},"end":{"line":15,"column":7}}]},"3":{"type":"branch","line":17,"loc":{"start":{"line":17,"column":11},"end":{"line":19,"column":6}},"locations":[{"start":{"line":17,"column":11},"end":{"line":19,"column":6}}]},"4":{"type":"branch","line":22,"loc":{"start":{"line":22,"column":23},"end":{"line":25,"column":4}},"locations":[{"start":{"line":22,"column":23},"end":{"line":25,"column":4}}]},"5":{"type":"branch","line":39,"loc":{"start":{"line":39,"column":18},"end":{"line":39,"column":58}},"locations":[{"start":{"line":39,"column":18},"end":{"line":39,"column":58}}]}},"b":{"0":[9],"1":[9],"2":[2],"3":[9],"4":[1],"5":[3]},"fnMap":{"0":{"name":"SearchBar","decl":{"start":{"line":9,"column":25},"end":{"line":45,"column":2}},"loc":{"start":{"line":9,"column":25},"end":{"line":45,"column":2}},"line":9},"1":{"name":"handleSearch","decl":{"start":{"line":22,"column":23},"end":{"line":25,"column":4}},"loc":{"start":{"line":22,"column":23},"end":{"line":25,"column":4}},"line":22},"2":{"name":"handleKeyDown","decl":{"start":{"line":27,"column":24},"end":{"line":31,"column":4}},"loc":{"start":{"line":27,"column":24},"end":{"line":31,"column":4}},"line":27},"3":{"name":"onChange","decl":{"start":{"line":39,"column":18},"end":{"line":39,"column":58}},"loc":{"start":{"line":39,"column":18},"end":{"line":39,"column":58}},"line":39}},"f":{"0":9,"1":1,"2":0,"3":3}}
,"C:\\Users\\marce\\OneDrive\\Escritorio\\ReactJS\\03-gifApp\\react-ts-gifs\\src\\test\\mock\\gifs.data.mock.ts": {"path":"C:\\Users\\marce\\OneDrive\\Escritorio\\ReactJS\\03-gifApp\\react-ts-gifs\\src\\test\\mock\\gifs.data.mock.ts","all":true,"statementMap":{"0":{"start":{"line":1,"column":0},"end":{"line":1,"column":25}},"1":{"start":{"line":2,"column":0},"end":{"line":2,"column":3}},"2":{"start":{"line":3,"column":0},"end":{"line":3,"column":29}},"3":{"start":{"line":4,"column":0},"end":{"line":4,"column":43}},"4":{"start":{"line":5,"column":0},"end":{"line":5,"column":175}},"5":{"start":{"line":6,"column":0},"end":{"line":6,"column":15}},"6":{"start":{"line":7,"column":0},"end":{"line":7,"column":15}},"7":{"start":{"line":8,"column":0},"end":{"line":8,"column":4}},"8":{"start":{"line":9,"column":0},"end":{"line":9,"column":3}},"9":{"start":{"line":10,"column":0},"end":{"line":10,"column":29}},"10":{"start":{"line":11,"column":0},"end":{"line":11,"column":14}},"11":{"start":{"line":12,"column":0},"end":{"line":12,"column":175}},"12":{"start":{"line":13,"column":0},"end":{"line":13,"column":15}},"13":{"start":{"line":14,"column":0},"end":{"line":14,"column":15}},"14":{"start":{"line":15,"column":0},"end":{"line":15,"column":4}},"15":{"start":{"line":16,"column":0},"end":{"line":16,"column":3}},"16":{"start":{"line":17,"column":0},"end":{"line":17,"column":29}},"17":{"start":{"line":18,"column":0},"end":{"line":18,"column":36}},"18":{"start":{"line":19,"column":0},"end":{"line":19,"column":175}},"19":{"start":{"line":20,"column":0},"end":{"line":20,"column":15}},"20":{"start":{"line":21,"column":0},"end":{"line":21,"column":15}},"21":{"start":{"line":22,"column":0},"end":{"line":22,"column":4}},"22":{"start":{"line":23,"column":0},"end":{"line":23,"column":3}},"23":{"start":{"line":24,"column":0},"end":{"line":24,"column":29}},"24":{"start":{"line":25,"column":0},"end":{"line":25,"column":47}},"25":{"start":{"line":26,"column":0},"end":{"line":26,"column":175}},"26":{"start":{"line":27,"column":0},"end":{"line":27,"column":15}},"27":{"start":{"line":28,"column":0},"end":{"line":28,"column":15}},"28":{"start":{"line":29,"column":0},"end":{"line":29,"column":4}},"29":{"start":{"line":30,"column":0},"end":{"line":30,"column":3}},"30":{"start":{"line":31,"column":0},"end":{"line":31,"column":29}},"31":{"start":{"line":32,"column":0},"end":{"line":32,"column":14}},"32":{"start":{"line":33,"column":0},"end":{"line":33,"column":175}},"33":{"start":{"line":34,"column":0},"end":{"line":34,"column":15}},"34":{"start":{"line":35,"column":0},"end":{"line":35,"column":15}},"35":{"start":{"line":36,"column":0},"end":{"line":36,"column":4}},"36":{"start":{"line":37,"column":0},"end":{"line":37,"column":3}},"37":{"start":{"line":38,"column":0},"end":{"line":38,"column":29}},"38":{"start":{"line":39,"column":0},"end":{"line":39,"column":54}},"39":{"start":{"line":40,"column":0},"end":{"line":40,"column":175}},"40":{"start":{"line":41,"column":0},"end":{"line":41,"column":15}},"41":{"start":{"line":42,"column":0},"end":{"line":42,"column":15}},"42":{"start":{"line":43,"column":0},"end":{"line":43,"column":4}},"43":{"start":{"line":44,"column":0},"end":{"line":44,"column":3}},"44":{"start":{"line":45,"column":0},"end":{"line":45,"column":29}},"45":{"start":{"line":46,"column":0},"end":{"line":46,"column":52}},"46":{"start":{"line":47,"column":0},"end":{"line":47,"column":175}},"47":{"start":{"line":48,"column":0},"end":{"line":48,"column":15}},"48":{"start":{"line":49,"column":0},"end":{"line":49,"column":15}},"49":{"start":{"line":50,"column":0},"end":{"line":50,"column":4}},"50":{"start":{"line":51,"column":0},"end":{"line":51,"column":3}},"51":{"start":{"line":52,"column":0},"end":{"line":52,"column":29}},"52":{"start":{"line":53,"column":0},"end":{"line":53,"column":14}},"53":{"start":{"line":54,"column":0},"end":{"line":54,"column":175}},"54":{"start":{"line":55,"column":0},"end":{"line":55,"column":15}},"55":{"start":{"line":56,"column":0},"end":{"line":56,"column":15}},"56":{"start":{"line":57,"column":0},"end":{"line":57,"column":4}},"57":{"start":{"line":58,"column":0},"end":{"line":58,"column":3}},"58":{"start":{"line":59,"column":0},"end":{"line":59,"column":29}},"59":{"start":{"line":60,"column":0},"end":{"line":60,"column":51}},"60":{"start":{"line":61,"column":0},"end":{"line":61,"column":175}},"61":{"start":{"line":62,"column":0},"end":{"line":62,"column":15}},"62":{"start":{"line":63,"column":0},"end":{"line":63,"column":15}},"63":{"start":{"line":64,"column":0},"end":{"line":64,"column":4}},"64":{"start":{"line":65,"column":0},"end":{"line":65,"column":3}},"65":{"start":{"line":66,"column":0},"end":{"line":66,"column":29}},"66":{"start":{"line":67,"column":0},"end":{"line":67,"column":45}},"67":{"start":{"line":68,"column":0},"end":{"line":68,"column":175}},"68":{"start":{"line":69,"column":0},"end":{"line":69,"column":15}},"69":{"start":{"line":70,"column":0},"end":{"line":70,"column":15}},"70":{"start":{"line":71,"column":0},"end":{"line":71,"column":3}},"71":{"start":{"line":72,"column":0},"end":{"line":72,"column":1}}},"s":{"0":0,"1":0,"2":0,"3":0,"4":0,"5":0,"6":0,"7":0,"8":0,"9":0,"10":0,"11":0,"12":0,"13":0,"14":0,"15":0,"16":0,"17":0,"18":0,"19":0,"20":0,"21":0,"22":0,"23":0,"24":0,"25":0,"26":0,"27":0,"28":0,"29":0,"30":0,"31":0,"32":0,"33":0,"34":0,"35":0,"36":0,"37":0,"38":0,"39":0,"40":0,"41":0,"42":0,"43":0,"44":0,"45":0,"46":0,"47":0,"48":0,"49":0,"50":0,"51":0,"52":0,"53":0,"54":0,"55":0,"56":0,"57":0,"58":0,"59":0,"60":0,"61":0,"62":0,"63":0,"64":0,"65":0,"66":0,"67":0,"68":0,"69":0,"70":0,"71":0},"branchMap":{"0":{"type":"branch","line":1,"loc":{"start":{"line":1,"column":2947},"end":{"line":72,"column":1}},"locations":[{"start":{"line":1,"column":2947},"end":{"line":72,"column":1}}]}},"b":{"0":[0]},"fnMap":{"0":{"name":"(empty-report)","decl":{"start":{"line":1,"column":2947},"end":{"line":72,"column":1}},"loc":{"start":{"line":1,"column":2947},"end":{"line":72,"column":1}},"line":1}},"f":{"0":0}}
}
